#
# A fatal error has been detected by the Java Runtime Environment:
#
#  SIGSEGV (0xb) at pc=0x0000000102dec58b, pid=91095, tid=95235
#
# JRE version: Java(TM) SE Runtime Environment (11.0.1+13) (build 11.0.1+13-LTS)
# Java VM: Java HotSpot(TM) 64-Bit Server VM (11.0.1+13-LTS, mixed mode, tiered, compressed oops, g1 gc, bsd-amd64)
# Problematic frame:
# V  [libjvm.dylib+0x3ec58b]  jni_CallStaticBooleanMethodV+0xe2
#
# No core dump will be written. Core dumps have been disabled. To enable core dumping, try "ulimit -c unlimited" before starting Java again
#
# If you would like to submit a bug report, please visit:
#   http://bugreport.java.com/bugreport/crash.jsp
#

---------------  S U M M A R Y ------------

Command Line: -Dclassworlds.conf=/Applications/apache-maven-3.3.1/bin/m2.conf -Dmaven.home=/Applications/apache-maven-3.3.1 -Dmaven.multiModuleProjectDirectory=/Users/antonepple/Documents/Projekte/JavaFXTrainingZuerich/javafx org.codehaus.plexus.classworlds.launcher.Launcher -Dmaven.ext.class.path=/Applications/NetBeans/netbeans 9/java/maven-nblib/netbeans-eventspy.jar exec:java

Host: MacBookPro10,1 x86_64 2600 MHz, 8 cores, 16G, Darwin 18.0.0
Time: Fri Nov 30 11:35:47 2018 CET elapsed time: 32 seconds (0d 0h 0m 32s)

---------------  T H R E A D  ---------------

Current thread (0x00007f94f1c83000):  JavaThread "Thread-5" daemon [_thread_in_vm, id=95235, stack(0x000070000faf9000,0x000070000fb79000)]

Stack: [0x000070000faf9000,0x000070000fb79000],  sp=0x000070000fb78b30,  free space=510k
Native frames: (J=compiled Java code, A=aot compiled Java code, j=interpreted, Vv=VM code, C=native code)
V  [libjvm.dylib+0x3ec58b]  jni_CallStaticBooleanMethodV+0xe2
C  [libjfxwebkit.dylib+0xa776]  _ZN7JNIEnv_23CallStaticBooleanMethodEP7_jclassP10_jmethodIDz+0x86
C  [libjfxwebkit.dylib+0x165cd58]  _ZN7WebCore10FileSystem18makeAllDirectoriesERKN3WTF6StringE+0x268
C  [libjfxwebkit.dylib+0x23fd2]  _ZN7WebCore18StorageSyncManager20fullDatabaseFilenameERKN3WTF6StringE+0x22
C  [libjfxwebkit.dylib+0x203c6]  _ZN6WebKit15StorageAreaSync12openDatabaseENS0_21OpenDatabaseParamTypeE+0x36
C  [libjfxwebkit.dylib+0x209de]  _ZN6WebKit15StorageAreaSync13performImportEv+0x1e
C  [libjfxwebkit.dylib+0x24949]  _ZN7WebCore13StorageThread16threadEntryPointEv+0x89
C  [libjfxwebkit.dylib+0x1b76714]  _ZN3WTF6Thread10entryPointEPNS0_16NewThreadContextE+0xe4
C  [libjfxwebkit.dylib+0x1bad8a9]  _ZN3WTFL19wtfThreadEntryPointEPv+0x9
C  [libsystem_pthread.dylib+0x333d]  _pthread_body+0x7e
C  [libsystem_pthread.dylib+0x62a7]  _pthread_start+0x46
C  [libsystem_pthread.dylib+0x2425]  thread_start+0xd


siginfo: si_signo: 11 (SIGSEGV), si_code: 1 (SEGV_MAPERR), si_addr: 0x0000000000000000

Register to memory mapping:

RAX=0x146ef3621d84003c is an unknown value
RBX=0x00007f94f1c83000 is a thread
RCX=0x00007f94f4161278 points into unknown readable memory
RDX=0x0 is NULL
RSP=0x000070000fb78b30 is pointing into the stack for thread: 0x00007f94f1c83000
RBP=0x000070000fb78be0 is pointing into the stack for thread: 0x00007f94f1c83000
RSI=0x0 is NULL
RDI=0x00007f94f1c83340 points into unknown readable memory
R8 =0x000000000000000e is an unknown value
R9 =0x00007f94f1c83000 is a thread
R10=0x00000001032f7960: _ZTV15G1CollectedHeap+0x10 in /Library/Java/JavaVirtualMachines/jdk-11.0.1.jdk/Contents/Home/lib/server/libjvm.dylib at 0x0000000102a00000
R11=0x0 is NULL
R12=0x0 is NULL
R13=0x000070000fb78ca0 is pointing into the stack for thread: 0x00007f94f1c83000
R14=0x0 is NULL
R15=0x0 is NULL


Registers:
RAX=0x146ef3621d84003c, RBX=0x00007f94f1c83000, RCX=0x00007f94f4161278, RDX=0x0000000000000000
RSP=0x000070000fb78b30, RBP=0x000070000fb78be0, RSI=0x0000000000000000, RDI=0x00007f94f1c83340
R8 =0x000000000000000e, R9 =0x00007f94f1c83000, R10=0x00000001032f7960, R11=0x0000000000000000
R12=0x0000000000000000, R13=0x000070000fb78ca0, R14=0x0000000000000000, R15=0x0000000000000000
RIP=0x0000000102dec58b, EFLAGS=0x0000000000010206, ERR=0x0000000000000004
  TRAPNO=0x000000000000000e

Top of Stack: (sp=0x000070000fb78b30)
0x000070000fb78b30:   000070000fb78b50 000000010311b1c7
0x000070000fb78b40:   00007f94eecce320 0100000000000003
0x000070000fb78b50:   000070000fb78b80 000000010311b1a0
0x000070000fb78b60:   000000070e001070 00007f94f1c83108
0x000070000fb78b70:   00007f94f1c83000 00007f94f1c83000
0x000070000fb78b80:   00007f94f4161270 0000000100000535
0x000070000fb78b90:   00000001031bfbd3 0000000100000004
0x000070000fb78ba0:   000070000fb78bc0 00007f94f1c83000
0x000070000fb78bb0:   00007f94f1c83340 0000000000000000
0x000070000fb78bc0:   0000000131a5a4b0 00007f94f1c83340
0x000070000fb78bd0:   000000013bfc3e38 0000000000000000
0x000070000fb78be0:   000070000fb78cc0 000000012e3c9776
0x000070000fb78bf0:   0000000103377d01 00007f94f1c83000
0x000070000fb78c00:   000070000fb78c20 00007f94f41607d0
0x000070000fb78c10:   000000000000000e 00007f94f1c83000
0x000070000fb78c20:   000070000fb78c80 0000000102df29d4
0x000070000fb78c30:   0000000103377d01 00007f94f1c83000
0x000070000fb78c40:   00007f94f4161270 0000000100000535
0x000070000fb78c50:   00000001031bfbd3 00007f94f1c83000
0x000070000fb78c60:   0000000000000000 000000000000005d
0x000070000fb78c70:   000000013bfc3e38 000070000fb78cd8
0x000070000fb78c80:   000070000fb78cc0 000000012ff6d38a
0x000070000fb78c90:   0000000000000001 0000000000000000
0x000070000fb78ca0:   0000003000000018 000070000fb78cd0
0x000070000fb78cb0:   000070000fb78bf0 146ef3621d84003c
0x000070000fb78cc0:   000070000fb78d10 000000012fa1bd58
0x000070000fb78cd0:   0000000000000000 00007f94f41607d0
0x000070000fb78ce0:   00007f94f1c83340 000000013bfc3e38
0x000070000fb78cf0:   000070000fb78e90 0000000138e11a50
0x000070000fb78d00:   000070000fb78d88 0000000138e11b10
0x000070000fb78d10:   000070000fb78d50 000000012e3e2fd2
0x000070000fb78d20:   0000000800000002 000000010312ed00 

Instructions: (pc=0x0000000102dec58b)
0x0000000102dec56b:   8f e8 24 00 4c 89 7d d0 4c 89 ff 4c 89 e6 4c 89
0x0000000102dec57b:   f2 90 0f 1f 40 00 c7 45 b8 04 00 00 00 4d 89 f7
0x0000000102dec58b:   49 8b 06 48 8b 40 08 48 8b 48 08 0f b7 40 2c 48
0x0000000102dec59b:   8b 74 c1 40 4c 8d b5 58 ff ff ff 4c 89 f7 e8 86 


---------------  P R O C E S S  ---------------

Threads class SMR info:
_java_thread_list=0x00007f94eecd04f0, length=41, elements={
0x00007f94ef809000, 0x00007f94f2013000, 0x00007f94ef8b1000, 0x00007f94f1023800,
0x00007f94f0050800, 0x00007f94f2050800, 0x00007f94f2059000, 0x00007f94ef02d000,
0x00007f94f102e800, 0x00007f94f1823000, 0x00007f94f215b800, 0x00007f94efa35800,
0x00007f94f28d7800, 0x00007f94f18ab000, 0x00007f94f0245000, 0x00007f94f1ab2800,
0x00007f94f2203800, 0x00007f94f22d8000, 0x00007f94f2369800, 0x00007f94f1c57000,
0x00007f94f24aa800, 0x00007f94ef323000, 0x00007f94ef3a4800, 0x00007f94f1c9d000,
0x00007f94f287c000, 0x00007f94ef4d3000, 0x00007f94f339c000, 0x00007f94efc6f000,
0x00007f94f2d87000, 0x00007f94f2d98800, 0x00007f94f2d99800, 0x00007f94f3156000,
0x00007f94f328b800, 0x00007f94f1b8c800, 0x00007f94f0470800, 0x00007f94f1c54000,
0x00007f94ef02f800, 0x00007f94f1c83000, 0x00007f94efd15000, 0x00007f94f2d48800,
0x00007f94f210a000
}

Java Threads: ( => current thread )
  0x00007f94ef809000 JavaThread "main" [_thread_blocked, id=9475, stack(0x000070000bdaa000,0x000070000beaa000)]
  0x00007f94f2013000 JavaThread "Reference Handler" daemon [_thread_blocked, id=18179, stack(0x000070000c4bf000,0x000070000c5bf000)]
  0x00007f94ef8b1000 JavaThread "Finalizer" daemon [_thread_blocked, id=13827, stack(0x000070000c5c2000,0x000070000c6c2000)]
  0x00007f94f1023800 JavaThread "Signal Dispatcher" daemon [_thread_blocked, id=16643, stack(0x000070000c6c5000,0x000070000c7c5000)]
  0x00007f94f0050800 JavaThread "C2 CompilerThread0" daemon [_thread_in_native, id=16387, stack(0x000070000c7c8000,0x000070000c8c8000)]
  0x00007f94f2050800 JavaThread "C1 CompilerThread0" daemon [_thread_in_vm, id=15875, stack(0x000070000c8cb000,0x000070000c9cb000)]
  0x00007f94f2059000 JavaThread "Sweeper thread" daemon [_thread_blocked, id=43011, stack(0x000070000c9ce000,0x000070000cace000)]
  0x00007f94ef02d000 JavaThread "Service Thread" daemon [_thread_blocked, id=42499, stack(0x000070000cad1000,0x000070000cbd1000)]
  0x00007f94f102e800 JavaThread "Common-Cleaner" daemon [_thread_blocked, id=22787, stack(0x000070000ccd7000,0x000070000cdd7000)]
  0x00007f94f1823000 JavaThread "de.eppleton.javafx.HelloFX.main()" [_thread_blocked, id=38659, stack(0x000070000d5f2000,0x000070000d6f2000)]
  0x00007f94f215b800 JavaThread "JavaFX-Launcher" [_thread_blocked, id=23823, stack(0x000070000d2e9000,0x000070000d3e9000)]
  0x00007f94efa35800 JavaThread "QuantumRenderer-0" daemon [_thread_blocked, id=24075, stack(0x000070000d3ec000,0x000070000d4ec000)]
  0x00007f94f28d7800 JavaThread "InvokeLaterDispatcher" daemon [_thread_blocked, id=33283, stack(0x000070000d6f5000,0x000070000d7f5000)]
  0x00007f94f18ab000 JavaThread "JavaFX Application Thread" [_thread_in_Java, id=775, stack(0x00007ffeeda69000,0x00007ffeee269000)]
  0x00007f94f0245000 JavaThread "Thread-3" daemon [_thread_in_native, id=47363, stack(0x000070000da87000,0x000070000db07000)]
  0x00007f94f1ab2800 JavaThread "Prism Font Disposer" daemon [_thread_blocked, id=54275, stack(0x000070000dd13000,0x000070000de13000)]
  0x00007f94f2203800 JavaThread "Disposer" daemon [_thread_blocked, id=73987, stack(0x000070000de16000,0x000070000df16000)]
  0x00007f94f22d8000 JavaThread "URL-Loader-1" daemon [_thread_blocked, id=73219, stack(0x000070000df19000,0x000070000e019000)]
  0x00007f94f2369800 JavaThread "Keep-Alive-Timer" daemon [_thread_blocked, id=63755, stack(0x000070000e222000,0x000070000e322000)]
  0x00007f94f1c57000 JavaThread "URL-Loader-2" daemon [_thread_blocked, id=88579, stack(0x000070000e6ba000,0x000070000e7ba000)]
  0x00007f94f24aa800 JavaThread "URL-Loader-3" daemon [_thread_blocked, id=88835, stack(0x000070000e7bd000,0x000070000e8bd000)]
  0x00007f94ef323000 JavaThread "URL-Loader-4" daemon [_thread_blocked, id=129027, stack(0x000070000e8c0000,0x000070000e9c0000)]
  0x00007f94ef3a4800 JavaThread "URL-Loader-5" daemon [_thread_blocked, id=89347, stack(0x000070000e9c3000,0x000070000eac3000)]
  0x00007f94f1c9d000 JavaThread "URL-Loader-6" daemon [_thread_blocked, id=89859, stack(0x000070000eccc000,0x000070000edcc000)]
  0x00007f94f287c000 JavaThread "URL-Loader-7" daemon [_thread_blocked, id=90371, stack(0x000070000edcf000,0x000070000eecf000)]
  0x00007f94ef4d3000 JavaThread "URL-Loader-8" daemon [_thread_blocked, id=90883, stack(0x000070000eed2000,0x000070000efd2000)]
  0x00007f94f339c000 JavaThread "URL-Loader-9" daemon [_thread_blocked, id=91655, stack(0x000070000efd5000,0x000070000f0d5000)]
  0x00007f94efc6f000 JavaThread "URL-Loader-10" daemon [_thread_blocked, id=126211, stack(0x000070000f0d8000,0x000070000f1d8000)]
  0x00007f94f2d87000 JavaThread "Cleaner-0" daemon [_thread_blocked, id=125699, stack(0x000070000f1db000,0x000070000f2db000)]
  0x00007f94f2d98800 JavaThread "URL-Loader-11" daemon [_thread_blocked, id=92675, stack(0x000070000f3e4000,0x000070000f4e4000)]
  0x00007f94f2d99800 JavaThread "URL-Loader-12" daemon [_thread_blocked, id=93443, stack(0x000070000f4e7000,0x000070000f5e7000)]
  0x00007f94f3156000 JavaThread "URL-Loader-13" daemon [_thread_blocked, id=124675, stack(0x000070000f5ea000,0x000070000f6ea000)]
  0x00007f94f328b800 JavaThread "URL-Loader-14" daemon [_thread_blocked, id=93699, stack(0x000070000f6ed000,0x000070000f7ed000)]
  0x00007f94f1b8c800 JavaThread "URL-Loader-15" daemon [_thread_blocked, id=123651, stack(0x000070000f7f0000,0x000070000f8f0000)]
  0x00007f94f0470800 JavaThread "C2 CompilerThread1" daemon [_thread_in_native, id=127247, stack(0x000070000eb49000,0x000070000ec49000)]
  0x00007f94f1c54000 JavaThread "C2 CompilerThread2" daemon [_thread_in_native, id=94727, stack(0x000070000f8f3000,0x000070000f9f3000)]
  0x00007f94ef02f800 JavaThread "Java2D Disposer" daemon [_thread_blocked, id=122887, stack(0x000070000f9f6000,0x000070000faf6000)]
=>0x00007f94f1c83000 JavaThread "Thread-5" daemon [_thread_in_vm, id=95235, stack(0x000070000faf9000,0x000070000fb79000)]
  0x00007f94efd15000 JavaThread "Thread-6" daemon [_thread_in_vm, id=3843, stack(0x000070000bd28000,0x000070000bda8000)]
  0x00007f94f2d48800 JavaThread "URL-Loader-16" daemon [_thread_blocked, id=95747, stack(0x000070000fb7c000,0x000070000fc7c000)]
  0x00007f94f210a000 JavaThread "URL-Loader-17" daemon [_thread_blocked, id=96259, stack(0x000070000fc7f000,0x000070000fd7f000)]

Other Threads:
  0x00007f94f2010000 VMThread "VM Thread" [stack: 0x000070000c3bc000,0x000070000c4bc000] [id=12803]
  0x00007f94ef033000 WatcherThread [stack: 0x000070000cbd4000,0x000070000ccd4000] [id=22531]
  0x00007f94ef815000 GCTaskThread "GC Thread#0" [stack: 0x000070000bead000,0x000070000bfad000] [id=20483]
  0x00007f94f012d800 GCTaskThread "GC Thread#1" [stack: 0x000070000cdda000,0x000070000ceda000] [id=23047]
  0x00007f94f2139000 GCTaskThread "GC Thread#2" [stack: 0x000070000cedd000,0x000070000cfdd000] [id=41479]
  0x00007f94f20ac800 GCTaskThread "GC Thread#3" [stack: 0x000070000cfe0000,0x000070000d0e0000] [id=40963]
  0x00007f94f20ad000 GCTaskThread "GC Thread#4" [stack: 0x000070000d0e3000,0x000070000d1e3000] [id=23299]
  0x00007f94f2113000 GCTaskThread "GC Thread#5" [stack: 0x000070000d1e6000,0x000070000d2e6000] [id=40195]
  0x00007f94f1617000 GCTaskThread "GC Thread#6" [stack: 0x000070000e01c000,0x000070000e11c000] [id=55571]
  0x00007f94efbb9000 GCTaskThread "GC Thread#7" [stack: 0x000070000e11f000,0x000070000e21f000] [id=71683]
  0x00007f94f003f000 ConcurrentGCThread "G1 Main Marker" [stack: 0x000070000bfb0000,0x000070000c0b0000] [id=12035]
  0x00007f94f003f800 ConcurrentGCThread "G1 Conc#0" [stack: 0x000070000c0b3000,0x000070000c1b3000] [id=19715]
  0x00007f94f30b8800 ConcurrentGCThread "G1 Conc#1" [stack: 0x000070000d4ef000,0x000070000d5ef000] [id=39171]
  0x00007f94ef89a800 ConcurrentGCThread "G1 Refine#0" [stack: 0x000070000c1b6000,0x000070000c2b6000] [id=19203]
  0x00007f94f200f800 ConcurrentGCThread "G1 Young RemSet Sampling" [stack: 0x000070000c2b9000,0x000070000c3b9000] [id=18691]

Threads with active compile tasks:
C2 CompilerThread04459 %     4       java.awt.image.SinglePixelPackedSampleModel::<init> @ 141 (243 bytes)
C1 CompilerThread04480       3       javafx.scene.Node::transformedBoundsChanged (43 bytes)
C2 CompilerThread14434 %     4       java.awt.image.DirectColorModel::coerceData @ 873 (1042 bytes)
C2 CompilerThread24440 %     4       com.sun.imageio.plugins.png.PNGImageWriter::encodePass @ 790 (1063 bytes)

VM state:synchronizing (normal execution)

VM Mutex/Monitor currently owned by a thread:  ([mutex/lock_event])
[0x00007f94f0808670] Threads_lock - owner thread: 0x00007f94f2010000

Heap address: 0x0000000700000000, size: 4096 MB, Compressed Oops mode: Zero based, Oop shift amount: 3
Narrow klass base: 0x0000000800000000, Narrow klass shift: 0
Compressed class space size: 1073741824 Address: 0x0000000800000000

Heap:
 garbage-first heap   total 262144K, used 47051K [0x0000000700000000, 0x0000000800000000)
  region size 1024K, 43 young (44032K), 11 survivors (11264K)
 Metaspace       used 39941K, capacity 41249K, committed 41600K, reserved 1085440K
  class space    used 4883K, capacity 5414K, committed 5504K, reserved 1048576K
Heap Regions: E=young(eden), S=young(survivor), O=old, HS=humongous(starts), HC=humongous(continues), CS=collection set, F=free, A=archive, TAMS=top-at-mark-start (previous, next)
|   0|0x0000000700000000, 0x0000000700100000, 0x0000000700100000|100%| O|  |TAMS 0x0000000700100000, 0x0000000700000000| Untracked 
|   1|0x0000000700100000, 0x0000000700200000, 0x0000000700200000|100%| O|  |TAMS 0x0000000700200000, 0x0000000700100000| Untracked 
|   2|0x0000000700200000, 0x00000007002f2e00, 0x0000000700300000| 94%| O|  |TAMS 0x00000007002f2e00, 0x0000000700200000| Untracked 
|   3|0x0000000700300000, 0x0000000700400000, 0x0000000700400000|100%|HS|  |TAMS 0x0000000700300000, 0x0000000700300000| Complete 
|   4|0x0000000700400000, 0x0000000700500000, 0x0000000700500000|100%|HC|  |TAMS 0x0000000700400000, 0x0000000700400000| Complete 
|   5|0x0000000700500000, 0x0000000700500000, 0x0000000700600000|  0%| F|  |TAMS 0x0000000700500000, 0x0000000700500000| Untracked 
|   6|0x0000000700600000, 0x0000000700600000, 0x0000000700700000|  0%| F|  |TAMS 0x0000000700600000, 0x0000000700600000| Untracked 
|   7|0x0000000700700000, 0x0000000700700000, 0x0000000700800000|  0%| F|  |TAMS 0x0000000700700000, 0x0000000700700000| Untracked 
|   8|0x0000000700800000, 0x0000000700800000, 0x0000000700900000|  0%| F|  |TAMS 0x0000000700800000, 0x0000000700800000| Untracked 
|   9|0x0000000700900000, 0x0000000700900000, 0x0000000700a00000|  0%| F|  |TAMS 0x0000000700900000, 0x0000000700900000| Untracked 
|  10|0x0000000700a00000, 0x0000000700a00000, 0x0000000700b00000|  0%| F|  |TAMS 0x0000000700a00000, 0x0000000700a00000| Untracked 
|  11|0x0000000700b00000, 0x0000000700b00000, 0x0000000700c00000|  0%| F|  |TAMS 0x0000000700b00000, 0x0000000700b00000| Untracked 
|  12|0x0000000700c00000, 0x0000000700c00000, 0x0000000700d00000|  0%| F|  |TAMS 0x0000000700c00000, 0x0000000700c00000| Untracked 
|  13|0x0000000700d00000, 0x0000000700d00000, 0x0000000700e00000|  0%| F|  |TAMS 0x0000000700d00000, 0x0000000700d00000| Untracked 
|  14|0x0000000700e00000, 0x0000000700e00000, 0x0000000700f00000|  0%| F|  |TAMS 0x0000000700e00000, 0x0000000700e00000| Untracked 
|  15|0x0000000700f00000, 0x0000000700f00000, 0x0000000701000000|  0%| F|  |TAMS 0x0000000700f00000, 0x0000000700f00000| Untracked 
|  16|0x0000000701000000, 0x0000000701000000, 0x0000000701100000|  0%| F|  |TAMS 0x0000000701000000, 0x0000000701000000| Untracked 
|  17|0x0000000701100000, 0x0000000701100000, 0x0000000701200000|  0%| F|  |TAMS 0x0000000701100000, 0x0000000701100000| Untracked 
|  18|0x0000000701200000, 0x0000000701200000, 0x0000000701300000|  0%| F|  |TAMS 0x0000000701200000, 0x0000000701200000| Untracked 
|  19|0x0000000701300000, 0x0000000701300000, 0x0000000701400000|  0%| F|  |TAMS 0x0000000701300000, 0x0000000701300000| Untracked 
|  20|0x0000000701400000, 0x0000000701400000, 0x0000000701500000|  0%| F|  |TAMS 0x0000000701400000, 0x0000000701400000| Untracked 
|  21|0x0000000701500000, 0x0000000701500000, 0x0000000701600000|  0%| F|  |TAMS 0x0000000701500000, 0x0000000701500000| Untracked 
|  22|0x0000000701600000, 0x0000000701600000, 0x0000000701700000|  0%| F|  |TAMS 0x0000000701600000, 0x0000000701600000| Untracked 
|  23|0x0000000701700000, 0x0000000701700000, 0x0000000701800000|  0%| F|  |TAMS 0x0000000701700000, 0x0000000701700000| Untracked 
|  24|0x0000000701800000, 0x0000000701800000, 0x0000000701900000|  0%| F|  |TAMS 0x0000000701800000, 0x0000000701800000| Untracked 
|  25|0x0000000701900000, 0x0000000701900000, 0x0000000701a00000|  0%| F|  |TAMS 0x0000000701900000, 0x0000000701900000| Untracked 
|  26|0x0000000701a00000, 0x0000000701a00000, 0x0000000701b00000|  0%| F|  |TAMS 0x0000000701a00000, 0x0000000701a00000| Untracked 
|  27|0x0000000701b00000, 0x0000000701b00000, 0x0000000701c00000|  0%| F|  |TAMS 0x0000000701b00000, 0x0000000701b00000| Untracked 
|  28|0x0000000701c00000, 0x0000000701c00000, 0x0000000701d00000|  0%| F|  |TAMS 0x0000000701c00000, 0x0000000701c00000| Untracked 
|  29|0x0000000701d00000, 0x0000000701d00000, 0x0000000701e00000|  0%| F|  |TAMS 0x0000000701d00000, 0x0000000701d00000| Untracked 
|  30|0x0000000701e00000, 0x0000000701e00000, 0x0000000701f00000|  0%| F|  |TAMS 0x0000000701e00000, 0x0000000701e00000| Untracked 
|  31|0x0000000701f00000, 0x0000000701f00000, 0x0000000702000000|  0%| F|  |TAMS 0x0000000701f00000, 0x0000000701f00000| Untracked 
|  32|0x0000000702000000, 0x0000000702000000, 0x0000000702100000|  0%| F|  |TAMS 0x0000000702000000, 0x0000000702000000| Untracked 
|  33|0x0000000702100000, 0x0000000702100000, 0x0000000702200000|  0%| F|  |TAMS 0x0000000702100000, 0x0000000702100000| Untracked 
|  34|0x0000000702200000, 0x0000000702200000, 0x0000000702300000|  0%| F|  |TAMS 0x0000000702200000, 0x0000000702200000| Untracked 
|  35|0x0000000702300000, 0x0000000702300000, 0x0000000702400000|  0%| F|  |TAMS 0x0000000702300000, 0x0000000702300000| Untracked 
|  36|0x0000000702400000, 0x0000000702400000, 0x0000000702500000|  0%| F|  |TAMS 0x0000000702400000, 0x0000000702400000| Untracked 
|  37|0x0000000702500000, 0x0000000702500000, 0x0000000702600000|  0%| F|  |TAMS 0x0000000702500000, 0x0000000702500000| Untracked 
|  38|0x0000000702600000, 0x0000000702600000, 0x0000000702700000|  0%| F|  |TAMS 0x0000000702600000, 0x0000000702600000| Untracked 
|  39|0x0000000702700000, 0x0000000702700000, 0x0000000702800000|  0%| F|  |TAMS 0x0000000702700000, 0x0000000702700000| Untracked 
|  40|0x0000000702800000, 0x0000000702800000, 0x0000000702900000|  0%| F|  |TAMS 0x0000000702800000, 0x0000000702800000| Untracked 
|  41|0x0000000702900000, 0x0000000702900000, 0x0000000702a00000|  0%| F|  |TAMS 0x0000000702900000, 0x0000000702900000| Untracked 
|  42|0x0000000702a00000, 0x0000000702a00000, 0x0000000702b00000|  0%| F|  |TAMS 0x0000000702a00000, 0x0000000702a00000| Untracked 
|  43|0x0000000702b00000, 0x0000000702b00000, 0x0000000702c00000|  0%| F|  |TAMS 0x0000000702b00000, 0x0000000702b00000| Untracked 
|  44|0x0000000702c00000, 0x0000000702c00000, 0x0000000702d00000|  0%| F|  |TAMS 0x0000000702c00000, 0x0000000702c00000| Untracked 
|  45|0x0000000702d00000, 0x0000000702d00000, 0x0000000702e00000|  0%| F|  |TAMS 0x0000000702d00000, 0x0000000702d00000| Untracked 
|  46|0x0000000702e00000, 0x0000000702e00000, 0x0000000702f00000|  0%| F|  |TAMS 0x0000000702e00000, 0x0000000702e00000| Untracked 
|  47|0x0000000702f00000, 0x0000000702f00000, 0x0000000703000000|  0%| F|  |TAMS 0x0000000702f00000, 0x0000000702f00000| Untracked 
|  48|0x0000000703000000, 0x0000000703000000, 0x0000000703100000|  0%| F|  |TAMS 0x0000000703000000, 0x0000000703000000| Untracked 
|  49|0x0000000703100000, 0x0000000703100000, 0x0000000703200000|  0%| F|  |TAMS 0x0000000703100000, 0x0000000703100000| Untracked 
|  50|0x0000000703200000, 0x0000000703200000, 0x0000000703300000|  0%| F|  |TAMS 0x0000000703200000, 0x0000000703200000| Untracked 
|  51|0x0000000703300000, 0x0000000703300000, 0x0000000703400000|  0%| F|  |TAMS 0x0000000703300000, 0x0000000703300000| Untracked 
|  52|0x0000000703400000, 0x0000000703400000, 0x0000000703500000|  0%| F|  |TAMS 0x0000000703400000, 0x0000000703400000| Untracked 
|  53|0x0000000703500000, 0x0000000703500000, 0x0000000703600000|  0%| F|  |TAMS 0x0000000703500000, 0x0000000703500000| Untracked 
|  54|0x0000000703600000, 0x0000000703600000, 0x0000000703700000|  0%| F|  |TAMS 0x0000000703600000, 0x0000000703600000| Untracked 
|  55|0x0000000703700000, 0x0000000703700000, 0x0000000703800000|  0%| F|  |TAMS 0x0000000703700000, 0x0000000703700000| Untracked 
|  56|0x0000000703800000, 0x0000000703800000, 0x0000000703900000|  0%| F|  |TAMS 0x0000000703800000, 0x0000000703800000| Untracked 
|  57|0x0000000703900000, 0x0000000703900000, 0x0000000703a00000|  0%| F|  |TAMS 0x0000000703900000, 0x0000000703900000| Untracked 
|  58|0x0000000703a00000, 0x0000000703a00000, 0x0000000703b00000|  0%| F|  |TAMS 0x0000000703a00000, 0x0000000703a00000| Untracked 
|  59|0x0000000703b00000, 0x0000000703b00000, 0x0000000703c00000|  0%| F|  |TAMS 0x0000000703b00000, 0x0000000703b00000| Untracked 
|  60|0x0000000703c00000, 0x0000000703c00000, 0x0000000703d00000|  0%| F|  |TAMS 0x0000000703c00000, 0x0000000703c00000| Untracked 
|  61|0x0000000703d00000, 0x0000000703d00000, 0x0000000703e00000|  0%| F|  |TAMS 0x0000000703d00000, 0x0000000703d00000| Untracked 
|  62|0x0000000703e00000, 0x0000000703e00000, 0x0000000703f00000|  0%| F|  |TAMS 0x0000000703e00000, 0x0000000703e00000| Untracked 
|  63|0x0000000703f00000, 0x0000000703f00000, 0x0000000704000000|  0%| F|  |TAMS 0x0000000703f00000, 0x0000000703f00000| Untracked 
|  64|0x0000000704000000, 0x0000000704000000, 0x0000000704100000|  0%| F|  |TAMS 0x0000000704000000, 0x0000000704000000| Untracked 
|  65|0x0000000704100000, 0x0000000704100000, 0x0000000704200000|  0%| F|  |TAMS 0x0000000704100000, 0x0000000704100000| Untracked 
|  66|0x0000000704200000, 0x0000000704200000, 0x0000000704300000|  0%| F|  |TAMS 0x0000000704200000, 0x0000000704200000| Untracked 
|  67|0x0000000704300000, 0x0000000704300000, 0x0000000704400000|  0%| F|  |TAMS 0x0000000704300000, 0x0000000704300000| Untracked 
|  68|0x0000000704400000, 0x0000000704400000, 0x0000000704500000|  0%| F|  |TAMS 0x0000000704400000, 0x0000000704400000| Untracked 
|  69|0x0000000704500000, 0x0000000704500000, 0x0000000704600000|  0%| F|  |TAMS 0x0000000704500000, 0x0000000704500000| Untracked 
|  70|0x0000000704600000, 0x0000000704600000, 0x0000000704700000|  0%| F|  |TAMS 0x0000000704600000, 0x0000000704600000| Untracked 
|  71|0x0000000704700000, 0x0000000704700000, 0x0000000704800000|  0%| F|  |TAMS 0x0000000704700000, 0x0000000704700000| Untracked 
|  72|0x0000000704800000, 0x0000000704800000, 0x0000000704900000|  0%| F|  |TAMS 0x0000000704800000, 0x0000000704800000| Untracked 
|  73|0x0000000704900000, 0x0000000704900000, 0x0000000704a00000|  0%| F|  |TAMS 0x0000000704900000, 0x0000000704900000| Untracked 
|  74|0x0000000704a00000, 0x0000000704a00000, 0x0000000704b00000|  0%| F|  |TAMS 0x0000000704a00000, 0x0000000704a00000| Untracked 
|  75|0x0000000704b00000, 0x0000000704b00000, 0x0000000704c00000|  0%| F|  |TAMS 0x0000000704b00000, 0x0000000704b00000| Untracked 
|  76|0x0000000704c00000, 0x0000000704c00000, 0x0000000704d00000|  0%| F|  |TAMS 0x0000000704c00000, 0x0000000704c00000| Untracked 
|  77|0x0000000704d00000, 0x0000000704d00000, 0x0000000704e00000|  0%| F|  |TAMS 0x0000000704d00000, 0x0000000704d00000| Untracked 
|  78|0x0000000704e00000, 0x0000000704e00000, 0x0000000704f00000|  0%| F|  |TAMS 0x0000000704e00000, 0x0000000704e00000| Untracked 
|  79|0x0000000704f00000, 0x0000000704f00000, 0x0000000705000000|  0%| F|  |TAMS 0x0000000704f00000, 0x0000000704f00000| Untracked 
|  80|0x0000000705000000, 0x0000000705000000, 0x0000000705100000|  0%| F|  |TAMS 0x0000000705000000, 0x0000000705000000| Untracked 
|  81|0x0000000705100000, 0x0000000705100000, 0x0000000705200000|  0%| F|  |TAMS 0x0000000705100000, 0x0000000705100000| Untracked 
|  82|0x0000000705200000, 0x0000000705200000, 0x0000000705300000|  0%| F|  |TAMS 0x0000000705200000, 0x0000000705200000| Untracked 
|  83|0x0000000705300000, 0x0000000705300000, 0x0000000705400000|  0%| F|  |TAMS 0x0000000705300000, 0x0000000705300000| Untracked 
|  84|0x0000000705400000, 0x0000000705400000, 0x0000000705500000|  0%| F|  |TAMS 0x0000000705400000, 0x0000000705400000| Untracked 
|  85|0x0000000705500000, 0x0000000705500000, 0x0000000705600000|  0%| F|  |TAMS 0x0000000705500000, 0x0000000705500000| Untracked 
|  86|0x0000000705600000, 0x0000000705600000, 0x0000000705700000|  0%| F|  |TAMS 0x0000000705600000, 0x0000000705600000| Untracked 
|  87|0x0000000705700000, 0x0000000705700000, 0x0000000705800000|  0%| F|  |TAMS 0x0000000705700000, 0x0000000705700000| Untracked 
|  88|0x0000000705800000, 0x0000000705800000, 0x0000000705900000|  0%| F|  |TAMS 0x0000000705800000, 0x0000000705800000| Untracked 
|  89|0x0000000705900000, 0x0000000705900000, 0x0000000705a00000|  0%| F|  |TAMS 0x0000000705900000, 0x0000000705900000| Untracked 
|  90|0x0000000705a00000, 0x0000000705a00000, 0x0000000705b00000|  0%| F|  |TAMS 0x0000000705a00000, 0x0000000705a00000| Untracked 
|  91|0x0000000705b00000, 0x0000000705b00000, 0x0000000705c00000|  0%| F|  |TAMS 0x0000000705b00000, 0x0000000705b00000| Untracked 
|  92|0x0000000705c00000, 0x0000000705c00000, 0x0000000705d00000|  0%| F|  |TAMS 0x0000000705c00000, 0x0000000705c00000| Untracked 
|  93|0x0000000705d00000, 0x0000000705d00000, 0x0000000705e00000|  0%| F|  |TAMS 0x0000000705d00000, 0x0000000705d00000| Untracked 
|  94|0x0000000705e00000, 0x0000000705e00000, 0x0000000705f00000|  0%| F|  |TAMS 0x0000000705e00000, 0x0000000705e00000| Untracked 
|  95|0x0000000705f00000, 0x0000000705f00000, 0x0000000706000000|  0%| F|  |TAMS 0x0000000705f00000, 0x0000000705f00000| Untracked 
|  96|0x0000000706000000, 0x0000000706000000, 0x0000000706100000|  0%| F|  |TAMS 0x0000000706000000, 0x0000000706000000| Untracked 
|  97|0x0000000706100000, 0x0000000706100000, 0x0000000706200000|  0%| F|  |TAMS 0x0000000706100000, 0x0000000706100000| Untracked 
|  98|0x0000000706200000, 0x0000000706200000, 0x0000000706300000|  0%| F|  |TAMS 0x0000000706200000, 0x0000000706200000| Untracked 
|  99|0x0000000706300000, 0x0000000706300000, 0x0000000706400000|  0%| F|  |TAMS 0x0000000706300000, 0x0000000706300000| Untracked 
| 100|0x0000000706400000, 0x0000000706400000, 0x0000000706500000|  0%| F|  |TAMS 0x0000000706400000, 0x0000000706400000| Untracked 
| 101|0x0000000706500000, 0x0000000706500000, 0x0000000706600000|  0%| F|  |TAMS 0x0000000706500000, 0x0000000706500000| Untracked 
| 102|0x0000000706600000, 0x0000000706600000, 0x0000000706700000|  0%| F|  |TAMS 0x0000000706600000, 0x0000000706600000| Untracked 
| 103|0x0000000706700000, 0x0000000706700000, 0x0000000706800000|  0%| F|  |TAMS 0x0000000706700000, 0x0000000706700000| Untracked 
| 104|0x0000000706800000, 0x0000000706800000, 0x0000000706900000|  0%| F|  |TAMS 0x0000000706800000, 0x0000000706800000| Untracked 
| 105|0x0000000706900000, 0x0000000706900000, 0x0000000706a00000|  0%| F|  |TAMS 0x0000000706900000, 0x0000000706900000| Untracked 
| 106|0x0000000706a00000, 0x0000000706a00000, 0x0000000706b00000|  0%| F|  |TAMS 0x0000000706a00000, 0x0000000706a00000| Untracked 
| 107|0x0000000706b00000, 0x0000000706b00000, 0x0000000706c00000|  0%| F|  |TAMS 0x0000000706b00000, 0x0000000706b00000| Untracked 
| 108|0x0000000706c00000, 0x0000000706c00000, 0x0000000706d00000|  0%| F|  |TAMS 0x0000000706c00000, 0x0000000706c00000| Untracked 
| 109|0x0000000706d00000, 0x0000000706d00000, 0x0000000706e00000|  0%| F|  |TAMS 0x0000000706d00000, 0x0000000706d00000| Untracked 
| 110|0x0000000706e00000, 0x0000000706e00000, 0x0000000706f00000|  0%| F|  |TAMS 0x0000000706e00000, 0x0000000706e00000| Untracked 
| 111|0x0000000706f00000, 0x0000000706f00000, 0x0000000707000000|  0%| F|  |TAMS 0x0000000706f00000, 0x0000000706f00000| Untracked 
| 112|0x0000000707000000, 0x0000000707000000, 0x0000000707100000|  0%| F|  |TAMS 0x0000000707000000, 0x0000000707000000| Untracked 
| 113|0x0000000707100000, 0x0000000707100000, 0x0000000707200000|  0%| F|  |TAMS 0x0000000707100000, 0x0000000707100000| Untracked 
| 114|0x0000000707200000, 0x0000000707200000, 0x0000000707300000|  0%| F|  |TAMS 0x0000000707200000, 0x0000000707200000| Untracked 
| 115|0x0000000707300000, 0x0000000707300000, 0x0000000707400000|  0%| F|  |TAMS 0x0000000707300000, 0x0000000707300000| Untracked 
| 116|0x0000000707400000, 0x0000000707400000, 0x0000000707500000|  0%| F|  |TAMS 0x0000000707400000, 0x0000000707400000| Untracked 
| 117|0x0000000707500000, 0x0000000707500000, 0x0000000707600000|  0%| F|  |TAMS 0x0000000707500000, 0x0000000707500000| Untracked 
| 118|0x0000000707600000, 0x0000000707600000, 0x0000000707700000|  0%| F|  |TAMS 0x0000000707600000, 0x0000000707600000| Untracked 
| 119|0x0000000707700000, 0x0000000707700000, 0x0000000707800000|  0%| F|  |TAMS 0x0000000707700000, 0x0000000707700000| Untracked 
| 120|0x0000000707800000, 0x0000000707800000, 0x0000000707900000|  0%| F|  |TAMS 0x0000000707800000, 0x0000000707800000| Untracked 
| 121|0x0000000707900000, 0x0000000707900000, 0x0000000707a00000|  0%| F|  |TAMS 0x0000000707900000, 0x0000000707900000| Untracked 
| 122|0x0000000707a00000, 0x0000000707a00000, 0x0000000707b00000|  0%| F|  |TAMS 0x0000000707a00000, 0x0000000707a00000| Untracked 
| 123|0x0000000707b00000, 0x0000000707b00000, 0x0000000707c00000|  0%| F|  |TAMS 0x0000000707b00000, 0x0000000707b00000| Untracked 
| 124|0x0000000707c00000, 0x0000000707c00000, 0x0000000707d00000|  0%| F|  |TAMS 0x0000000707c00000, 0x0000000707c00000| Untracked 
| 125|0x0000000707d00000, 0x0000000707d00000, 0x0000000707e00000|  0%| F|  |TAMS 0x0000000707d00000, 0x0000000707d00000| Untracked 
| 126|0x0000000707e00000, 0x0000000707e00000, 0x0000000707f00000|  0%| F|  |TAMS 0x0000000707e00000, 0x0000000707e00000| Untracked 
| 127|0x0000000707f00000, 0x0000000707f00000, 0x0000000708000000|  0%| F|  |TAMS 0x0000000707f00000, 0x0000000707f00000| Untracked 
| 128|0x0000000708000000, 0x0000000708000000, 0x0000000708100000|  0%| F|  |TAMS 0x0000000708000000, 0x0000000708000000| Untracked 
| 129|0x0000000708100000, 0x0000000708100000, 0x0000000708200000|  0%| F|  |TAMS 0x0000000708100000, 0x0000000708100000| Untracked 
| 130|0x0000000708200000, 0x0000000708200000, 0x0000000708300000|  0%| F|  |TAMS 0x0000000708200000, 0x0000000708200000| Untracked 
| 131|0x0000000708300000, 0x0000000708300000, 0x0000000708400000|  0%| F|  |TAMS 0x0000000708300000, 0x0000000708300000| Untracked 
| 132|0x0000000708400000, 0x0000000708400000, 0x0000000708500000|  0%| F|  |TAMS 0x0000000708400000, 0x0000000708400000| Untracked 
| 133|0x0000000708500000, 0x0000000708500000, 0x0000000708600000|  0%| F|  |TAMS 0x0000000708500000, 0x0000000708500000| Untracked 
| 134|0x0000000708600000, 0x0000000708600000, 0x0000000708700000|  0%| F|  |TAMS 0x0000000708600000, 0x0000000708600000| Untracked 
| 135|0x0000000708700000, 0x0000000708700000, 0x0000000708800000|  0%| F|  |TAMS 0x0000000708700000, 0x0000000708700000| Untracked 
| 136|0x0000000708800000, 0x0000000708800000, 0x0000000708900000|  0%| F|  |TAMS 0x0000000708800000, 0x0000000708800000| Untracked 
| 137|0x0000000708900000, 0x0000000708900000, 0x0000000708a00000|  0%| F|  |TAMS 0x0000000708900000, 0x0000000708900000| Untracked 
| 138|0x0000000708a00000, 0x0000000708a00000, 0x0000000708b00000|  0%| F|  |TAMS 0x0000000708a00000, 0x0000000708a00000| Untracked 
| 139|0x0000000708b00000, 0x0000000708b00000, 0x0000000708c00000|  0%| F|  |TAMS 0x0000000708b00000, 0x0000000708b00000| Untracked 
| 140|0x0000000708c00000, 0x0000000708c00000, 0x0000000708d00000|  0%| F|  |TAMS 0x0000000708c00000, 0x0000000708c00000| Untracked 
| 141|0x0000000708d00000, 0x0000000708d00000, 0x0000000708e00000|  0%| F|  |TAMS 0x0000000708d00000, 0x0000000708d00000| Untracked 
| 142|0x0000000708e00000, 0x0000000708e00000, 0x0000000708f00000|  0%| F|  |TAMS 0x0000000708e00000, 0x0000000708e00000| Untracked 
| 143|0x0000000708f00000, 0x0000000708f00000, 0x0000000709000000|  0%| F|  |TAMS 0x0000000708f00000, 0x0000000708f00000| Untracked 
| 144|0x0000000709000000, 0x0000000709000000, 0x0000000709100000|  0%| F|  |TAMS 0x0000000709000000, 0x0000000709000000| Untracked 
| 145|0x0000000709100000, 0x0000000709100000, 0x0000000709200000|  0%| F|  |TAMS 0x0000000709100000, 0x0000000709100000| Untracked 
| 146|0x0000000709200000, 0x0000000709200000, 0x0000000709300000|  0%| F|  |TAMS 0x0000000709200000, 0x0000000709200000| Untracked 
| 147|0x0000000709300000, 0x0000000709300000, 0x0000000709400000|  0%| F|  |TAMS 0x0000000709300000, 0x0000000709300000| Untracked 
| 148|0x0000000709400000, 0x0000000709400000, 0x0000000709500000|  0%| F|  |TAMS 0x0000000709400000, 0x0000000709400000| Untracked 
| 149|0x0000000709500000, 0x0000000709500000, 0x0000000709600000|  0%| F|  |TAMS 0x0000000709500000, 0x0000000709500000| Untracked 
| 150|0x0000000709600000, 0x0000000709600000, 0x0000000709700000|  0%| F|  |TAMS 0x0000000709600000, 0x0000000709600000| Untracked 
| 151|0x0000000709700000, 0x0000000709700000, 0x0000000709800000|  0%| F|  |TAMS 0x0000000709700000, 0x0000000709700000| Untracked 
| 152|0x0000000709800000, 0x0000000709800000, 0x0000000709900000|  0%| F|  |TAMS 0x0000000709800000, 0x0000000709800000| Untracked 
| 153|0x0000000709900000, 0x0000000709900000, 0x0000000709a00000|  0%| F|  |TAMS 0x0000000709900000, 0x0000000709900000| Untracked 
| 154|0x0000000709a00000, 0x0000000709a00000, 0x0000000709b00000|  0%| F|  |TAMS 0x0000000709a00000, 0x0000000709a00000| Untracked 
| 155|0x0000000709b00000, 0x0000000709b00000, 0x0000000709c00000|  0%| F|  |TAMS 0x0000000709b00000, 0x0000000709b00000| Untracked 
| 156|0x0000000709c00000, 0x0000000709c00000, 0x0000000709d00000|  0%| F|  |TAMS 0x0000000709c00000, 0x0000000709c00000| Untracked 
| 157|0x0000000709d00000, 0x0000000709d00000, 0x0000000709e00000|  0%| F|  |TAMS 0x0000000709d00000, 0x0000000709d00000| Untracked 
| 158|0x0000000709e00000, 0x0000000709e00000, 0x0000000709f00000|  0%| F|  |TAMS 0x0000000709e00000, 0x0000000709e00000| Untracked 
| 159|0x0000000709f00000, 0x0000000709f00000, 0x000000070a000000|  0%| F|  |TAMS 0x0000000709f00000, 0x0000000709f00000| Untracked 
| 160|0x000000070a000000, 0x000000070a000000, 0x000000070a100000|  0%| F|  |TAMS 0x000000070a000000, 0x000000070a000000| Untracked 
| 161|0x000000070a100000, 0x000000070a100000, 0x000000070a200000|  0%| F|  |TAMS 0x000000070a100000, 0x000000070a100000| Untracked 
| 162|0x000000070a200000, 0x000000070a200000, 0x000000070a300000|  0%| F|  |TAMS 0x000000070a200000, 0x000000070a200000| Untracked 
| 163|0x000000070a300000, 0x000000070a300000, 0x000000070a400000|  0%| F|  |TAMS 0x000000070a300000, 0x000000070a300000| Untracked 
| 164|0x000000070a400000, 0x000000070a400000, 0x000000070a500000|  0%| F|  |TAMS 0x000000070a400000, 0x000000070a400000| Untracked 
| 165|0x000000070a500000, 0x000000070a500000, 0x000000070a600000|  0%| F|  |TAMS 0x000000070a500000, 0x000000070a500000| Untracked 
| 166|0x000000070a600000, 0x000000070a600000, 0x000000070a700000|  0%| F|  |TAMS 0x000000070a600000, 0x000000070a600000| Untracked 
| 167|0x000000070a700000, 0x000000070a700000, 0x000000070a800000|  0%| F|  |TAMS 0x000000070a700000, 0x000000070a700000| Untracked 
| 168|0x000000070a800000, 0x000000070a800000, 0x000000070a900000|  0%| F|  |TAMS 0x000000070a800000, 0x000000070a800000| Untracked 
| 169|0x000000070a900000, 0x000000070a900000, 0x000000070aa00000|  0%| F|  |TAMS 0x000000070a900000, 0x000000070a900000| Untracked 
| 170|0x000000070aa00000, 0x000000070aa00000, 0x000000070ab00000|  0%| F|  |TAMS 0x000000070aa00000, 0x000000070aa00000| Untracked 
| 171|0x000000070ab00000, 0x000000070ab00000, 0x000000070ac00000|  0%| F|  |TAMS 0x000000070ab00000, 0x000000070ab00000| Untracked 
| 172|0x000000070ac00000, 0x000000070ac00000, 0x000000070ad00000|  0%| F|  |TAMS 0x000000070ac00000, 0x000000070ac00000| Untracked 
| 173|0x000000070ad00000, 0x000000070ad00000, 0x000000070ae00000|  0%| F|  |TAMS 0x000000070ad00000, 0x000000070ad00000| Untracked 
| 174|0x000000070ae00000, 0x000000070ae00000, 0x000000070af00000|  0%| F|  |TAMS 0x000000070ae00000, 0x000000070ae00000| Untracked 
| 175|0x000000070af00000, 0x000000070af00000, 0x000000070b000000|  0%| F|  |TAMS 0x000000070af00000, 0x000000070af00000| Untracked 
| 176|0x000000070b000000, 0x000000070b000000, 0x000000070b100000|  0%| F|  |TAMS 0x000000070b000000, 0x000000070b000000| Untracked 
| 177|0x000000070b100000, 0x000000070b100000, 0x000000070b200000|  0%| F|  |TAMS 0x000000070b100000, 0x000000070b100000| Untracked 
| 178|0x000000070b200000, 0x000000070b200000, 0x000000070b300000|  0%| F|  |TAMS 0x000000070b200000, 0x000000070b200000| Untracked 
| 179|0x000000070b300000, 0x000000070b300000, 0x000000070b400000|  0%| F|  |TAMS 0x000000070b300000, 0x000000070b300000| Untracked 
| 180|0x000000070b400000, 0x000000070b400000, 0x000000070b500000|  0%| F|  |TAMS 0x000000070b400000, 0x000000070b400000| Untracked 
| 181|0x000000070b500000, 0x000000070b500000, 0x000000070b600000|  0%| F|  |TAMS 0x000000070b500000, 0x000000070b500000| Untracked 
| 182|0x000000070b600000, 0x000000070b600000, 0x000000070b700000|  0%| F|  |TAMS 0x000000070b600000, 0x000000070b600000| Untracked 
| 183|0x000000070b700000, 0x000000070b700000, 0x000000070b800000|  0%| F|  |TAMS 0x000000070b700000, 0x000000070b700000| Untracked 
| 184|0x000000070b800000, 0x000000070b800000, 0x000000070b900000|  0%| F|  |TAMS 0x000000070b800000, 0x000000070b800000| Untracked 
| 185|0x000000070b900000, 0x000000070b900000, 0x000000070ba00000|  0%| F|  |TAMS 0x000000070b900000, 0x000000070b900000| Untracked 
| 186|0x000000070ba00000, 0x000000070ba00000, 0x000000070bb00000|  0%| F|  |TAMS 0x000000070ba00000, 0x000000070ba00000| Untracked 
| 187|0x000000070bb00000, 0x000000070bb00000, 0x000000070bc00000|  0%| F|  |TAMS 0x000000070bb00000, 0x000000070bb00000| Untracked 
| 188|0x000000070bc00000, 0x000000070bc00000, 0x000000070bd00000|  0%| F|  |TAMS 0x000000070bc00000, 0x000000070bc00000| Untracked 
| 189|0x000000070bd00000, 0x000000070bd00000, 0x000000070be00000|  0%| F|  |TAMS 0x000000070bd00000, 0x000000070bd00000| Untracked 
| 190|0x000000070be00000, 0x000000070be00000, 0x000000070bf00000|  0%| F|  |TAMS 0x000000070be00000, 0x000000070be00000| Untracked 
| 191|0x000000070bf00000, 0x000000070bf00000, 0x000000070c000000|  0%| F|  |TAMS 0x000000070bf00000, 0x000000070bf00000| Untracked 
| 192|0x000000070c000000, 0x000000070c000000, 0x000000070c100000|  0%| F|  |TAMS 0x000000070c000000, 0x000000070c000000| Untracked 
| 193|0x000000070c100000, 0x000000070c100000, 0x000000070c200000|  0%| F|  |TAMS 0x000000070c100000, 0x000000070c100000| Untracked 
| 194|0x000000070c200000, 0x000000070c200000, 0x000000070c300000|  0%| F|  |TAMS 0x000000070c200000, 0x000000070c200000| Untracked 
| 195|0x000000070c300000, 0x000000070c300000, 0x000000070c400000|  0%| F|  |TAMS 0x000000070c300000, 0x000000070c300000| Untracked 
| 196|0x000000070c400000, 0x000000070c400000, 0x000000070c500000|  0%| F|  |TAMS 0x000000070c400000, 0x000000070c400000| Untracked 
| 197|0x000000070c500000, 0x000000070c600000, 0x000000070c600000|100%| S|CS|TAMS 0x000000070c500000, 0x000000070c500000| Complete 
| 198|0x000000070c600000, 0x000000070c700000, 0x000000070c700000|100%| S|CS|TAMS 0x000000070c600000, 0x000000070c600000| Complete 
| 199|0x000000070c700000, 0x000000070c800000, 0x000000070c800000|100%| S|CS|TAMS 0x000000070c700000, 0x000000070c700000| Complete 
| 200|0x000000070c800000, 0x000000070c900000, 0x000000070c900000|100%| S|CS|TAMS 0x000000070c800000, 0x000000070c800000| Complete 
| 201|0x000000070c900000, 0x000000070ca00000, 0x000000070ca00000|100%| S|CS|TAMS 0x000000070c900000, 0x000000070c900000| Complete 
| 202|0x000000070ca00000, 0x000000070cb00000, 0x000000070cb00000|100%| S|CS|TAMS 0x000000070ca00000, 0x000000070ca00000| Complete 
| 203|0x000000070cb00000, 0x000000070cc00000, 0x000000070cc00000|100%| S|CS|TAMS 0x000000070cb00000, 0x000000070cb00000| Complete 
| 204|0x000000070cc00000, 0x000000070cd00000, 0x000000070cd00000|100%| S|CS|TAMS 0x000000070cc00000, 0x000000070cc00000| Complete 
| 205|0x000000070cd00000, 0x000000070ce00000, 0x000000070ce00000|100%| S|CS|TAMS 0x000000070cd00000, 0x000000070cd00000| Complete 
| 206|0x000000070ce00000, 0x000000070cf00000, 0x000000070cf00000|100%| S|CS|TAMS 0x000000070ce00000, 0x000000070ce00000| Complete 
| 207|0x000000070cf00000, 0x000000070d000000, 0x000000070d000000|100%| S|CS|TAMS 0x000000070cf00000, 0x000000070cf00000| Complete 
| 208|0x000000070d000000, 0x000000070d000000, 0x000000070d100000|  0%| F|  |TAMS 0x000000070d000000, 0x000000070d000000| Untracked 
| 209|0x000000070d100000, 0x000000070d100000, 0x000000070d200000|  0%| F|  |TAMS 0x000000070d100000, 0x000000070d100000| Untracked 
| 210|0x000000070d200000, 0x000000070d200000, 0x000000070d300000|  0%| F|  |TAMS 0x000000070d200000, 0x000000070d200000| Untracked 
| 211|0x000000070d300000, 0x000000070d300000, 0x000000070d400000|  0%| F|  |TAMS 0x000000070d300000, 0x000000070d300000| Untracked 
| 212|0x000000070d400000, 0x000000070d400000, 0x000000070d500000|  0%| F|  |TAMS 0x000000070d400000, 0x000000070d400000| Untracked 
| 213|0x000000070d500000, 0x000000070d500000, 0x000000070d600000|  0%| F|  |TAMS 0x000000070d500000, 0x000000070d500000| Untracked 
| 214|0x000000070d600000, 0x000000070d600000, 0x000000070d700000|  0%| F|  |TAMS 0x000000070d600000, 0x000000070d600000| Untracked 
| 215|0x000000070d700000, 0x000000070d700000, 0x000000070d800000|  0%| F|  |TAMS 0x000000070d700000, 0x000000070d700000| Untracked 
| 216|0x000000070d800000, 0x000000070d800000, 0x000000070d900000|  0%| F|  |TAMS 0x000000070d800000, 0x000000070d800000| Untracked 
| 217|0x000000070d900000, 0x000000070d900000, 0x000000070da00000|  0%| F|  |TAMS 0x000000070d900000, 0x000000070d900000| Untracked 
| 218|0x000000070da00000, 0x000000070da00000, 0x000000070db00000|  0%| F|  |TAMS 0x000000070da00000, 0x000000070da00000| Untracked 
| 219|0x000000070db00000, 0x000000070db00000, 0x000000070dc00000|  0%| F|  |TAMS 0x000000070db00000, 0x000000070db00000| Untracked 
| 220|0x000000070dc00000, 0x000000070dc00000, 0x000000070dd00000|  0%| F|  |TAMS 0x000000070dc00000, 0x000000070dc00000| Untracked 
| 221|0x000000070dd00000, 0x000000070dd00000, 0x000000070de00000|  0%| F|  |TAMS 0x000000070dd00000, 0x000000070dd00000| Untracked 
| 222|0x000000070de00000, 0x000000070de00000, 0x000000070df00000|  0%| F|  |TAMS 0x000000070de00000, 0x000000070de00000| Untracked 
| 223|0x000000070df00000, 0x000000070df00000, 0x000000070e000000|  0%| F|  |TAMS 0x000000070df00000, 0x000000070df00000| Untracked 
| 224|0x000000070e000000, 0x000000070e100000, 0x000000070e100000|100%| E|  |TAMS 0x000000070e000000, 0x000000070e000000| Complete 
| 225|0x000000070e100000, 0x000000070e200000, 0x000000070e200000|100%| E|CS|TAMS 0x000000070e100000, 0x000000070e100000| Complete 
| 226|0x000000070e200000, 0x000000070e300000, 0x000000070e300000|100%| E|CS|TAMS 0x000000070e200000, 0x000000070e200000| Complete 
| 227|0x000000070e300000, 0x000000070e400000, 0x000000070e400000|100%| E|CS|TAMS 0x000000070e300000, 0x000000070e300000| Complete 
| 228|0x000000070e400000, 0x000000070e500000, 0x000000070e500000|100%| E|CS|TAMS 0x000000070e400000, 0x000000070e400000| Complete 
| 229|0x000000070e500000, 0x000000070e600000, 0x000000070e600000|100%| E|CS|TAMS 0x000000070e500000, 0x000000070e500000| Complete 
| 230|0x000000070e600000, 0x000000070e700000, 0x000000070e700000|100%| E|CS|TAMS 0x000000070e600000, 0x000000070e600000| Complete 
| 231|0x000000070e700000, 0x000000070e800000, 0x000000070e800000|100%| E|CS|TAMS 0x000000070e700000, 0x000000070e700000| Complete 
| 232|0x000000070e800000, 0x000000070e900000, 0x000000070e900000|100%| E|CS|TAMS 0x000000070e800000, 0x000000070e800000| Complete 
| 233|0x000000070e900000, 0x000000070ea00000, 0x000000070ea00000|100%| E|CS|TAMS 0x000000070e900000, 0x000000070e900000| Complete 
| 234|0x000000070ea00000, 0x000000070eb00000, 0x000000070eb00000|100%| E|CS|TAMS 0x000000070ea00000, 0x000000070ea00000| Complete 
| 235|0x000000070eb00000, 0x000000070ec00000, 0x000000070ec00000|100%| E|CS|TAMS 0x000000070eb00000, 0x000000070eb00000| Complete 
| 236|0x000000070ec00000, 0x000000070ed00000, 0x000000070ed00000|100%| E|CS|TAMS 0x000000070ec00000, 0x000000070ec00000| Complete 
| 237|0x000000070ed00000, 0x000000070ee00000, 0x000000070ee00000|100%| E|CS|TAMS 0x000000070ed00000, 0x000000070ed00000| Complete 
| 238|0x000000070ee00000, 0x000000070ef00000, 0x000000070ef00000|100%| E|CS|TAMS 0x000000070ee00000, 0x000000070ee00000| Complete 
| 239|0x000000070ef00000, 0x000000070f000000, 0x000000070f000000|100%| E|CS|TAMS 0x000000070ef00000, 0x000000070ef00000| Complete 
| 240|0x000000070f000000, 0x000000070f100000, 0x000000070f100000|100%| E|CS|TAMS 0x000000070f000000, 0x000000070f000000| Complete 
| 241|0x000000070f100000, 0x000000070f200000, 0x000000070f200000|100%| E|CS|TAMS 0x000000070f100000, 0x000000070f100000| Complete 
| 242|0x000000070f200000, 0x000000070f300000, 0x000000070f300000|100%| E|  |TAMS 0x000000070f200000, 0x000000070f200000| Complete 
| 243|0x000000070f300000, 0x000000070f400000, 0x000000070f400000|100%| E|CS|TAMS 0x000000070f300000, 0x000000070f300000| Complete 
| 244|0x000000070f400000, 0x000000070f500000, 0x000000070f500000|100%| E|CS|TAMS 0x000000070f400000, 0x000000070f400000| Complete 
| 245|0x000000070f500000, 0x000000070f600000, 0x000000070f600000|100%| E|CS|TAMS 0x000000070f500000, 0x000000070f500000| Complete 
| 246|0x000000070f600000, 0x000000070f700000, 0x000000070f700000|100%| E|CS|TAMS 0x000000070f600000, 0x000000070f600000| Complete 
| 247|0x000000070f700000, 0x000000070f800000, 0x000000070f800000|100%| E|CS|TAMS 0x000000070f700000, 0x000000070f700000| Complete 
| 248|0x000000070f800000, 0x000000070f900000, 0x000000070f900000|100%| E|CS|TAMS 0x000000070f800000, 0x000000070f800000| Complete 
| 249|0x000000070f900000, 0x000000070fa00000, 0x000000070fa00000|100%| E|CS|TAMS 0x000000070f900000, 0x000000070f900000| Complete 
| 250|0x000000070fa00000, 0x000000070fb00000, 0x000000070fb00000|100%| E|CS|TAMS 0x000000070fa00000, 0x000000070fa00000| Complete 
| 251|0x000000070fb00000, 0x000000070fc00000, 0x000000070fc00000|100%| E|CS|TAMS 0x000000070fb00000, 0x000000070fb00000| Complete 
| 252|0x000000070fc00000, 0x000000070fd00000, 0x000000070fd00000|100%| E|CS|TAMS 0x000000070fc00000, 0x000000070fc00000| Complete 
| 253|0x000000070fd00000, 0x000000070fe00000, 0x000000070fe00000|100%| E|CS|TAMS 0x000000070fd00000, 0x000000070fd00000| Complete 
| 254|0x000000070fe00000, 0x000000070ff00000, 0x000000070ff00000|100%| E|CS|TAMS 0x000000070fe00000, 0x000000070fe00000| Complete 
| 255|0x000000070ff00000, 0x0000000710000000, 0x0000000710000000|100%| E|CS|TAMS 0x000000070ff00000, 0x000000070ff00000| Complete 

Card table byte_map: [0x00000001049d8000,0x00000001051d8000] _byte_map_base: 0x00000001011d8000

Marking Bits (Prev, Next): (CMBitMap*) 0x00007f94f002e418, (CMBitMap*) 0x00007f94f002e450
 Prev Bits: [0x000000011d518000, 0x0000000121518000)
 Next Bits: [0x0000000121518000, 0x0000000125518000)

Polling page: 0x00000001019fe000

Metaspace:

Usage:
  Non-class:     35,00 MB capacity,    34,24 MB ( 98%) used,   652,99 KB (  2%) free+waste,   124,50 KB ( <1%) overhead. 
      Class:      5,29 MB capacity,     4,77 MB ( 90%) used,   469,60 KB (  9%) free+waste,    60,75 KB (  1%) overhead. 
       Both:     40,28 MB capacity,    39,01 MB ( 97%) used,     1,10 MB (  3%) free+waste,   185,25 KB ( <1%) overhead. 

Virtual space:
  Non-class space:       36,00 MB reserved,      35,25 MB ( 98%) committed 
      Class space:        1,00 GB reserved,       5,38 MB ( <1%) committed 
             Both:        1,04 GB reserved,      40,62 MB (  4%) committed 

Chunk freelists:
   Non-Class:  2,12 KB
       Class:  3,25 KB
        Both:  5,38 KB

CodeHeap 'non-profiled nmethods': size=120032Kb used=2105Kb max_used=2105Kb free=117926Kb
 bounds [0x0000000115fe0000, 0x0000000116250000, 0x000000011d518000]
CodeHeap 'profiled nmethods': size=120028Kb used=8973Kb max_used=8973Kb free=111054Kb
 bounds [0x000000010eaa9000, 0x000000010f379000, 0x0000000115fe0000]
CodeHeap 'non-nmethods': size=5700Kb used=1420Kb max_used=1459Kb free=4279Kb
 bounds [0x000000010e518000, 0x000000010e788000, 0x000000010eaa9000]
 total_blobs=6255 nmethods=4306 adapters=816
 compilation: enabled
              stopped_count=0, restarted_count=0
 full_count=0

Compilation events (10 events):
Event: 32,607 Thread 0x00007f94f2050800 4455       3       sun.awt.image.IntegerInterleavedRaster::createCompatibleWritableRaster (13 bytes)
Event: 32,607 Thread 0x00007f94f2050800 nmethod 4455 0x000000010f361910 code [0x000000010f361ac0, 0x000000010f361c68]
Event: 32,607 Thread 0x00007f94f2050800 4457       3       com.sun.imageio.plugins.png.IDATOutputStream::write (19 bytes)
Event: 32,608 Thread 0x00007f94f2050800 nmethod 4457 0x000000010f361d10 code [0x000000010f361ee0, 0x000000010f3620a8]
Event: 32,608 Thread 0x00007f94f2050800 4456       3       sun.awt.image.IntegerInterleavedRaster::createCompatibleWritableRaster (60 bytes)
Event: 32,610 Thread 0x00007f94f2050800 nmethod 4456 0x000000010f362190 code [0x000000010f3623c0, 0x000000010f3629f8]
Event: 32,611 Thread 0x00007f94f1c54000 nmethod 4435 0x00000001161ec610 code [0x00000001161ec7c0, 0x00000001161ecf78]
Event: 32,611 Thread 0x00007f94f1c54000 4440 %     4       com.sun.imageio.plugins.png.PNGImageWriter::encodePass @ 790 (1063 bytes)
Event: 32,624 Thread 0x00007f94f2050800 4460       3       java.awt.image.Raster::createWritableRaster (275 bytes)
Event: 32,631 Thread 0x00007f94f2050800 nmethod 4460 0x000000010f362c10 code [0x000000010f363020, 0x000000010f365928]

GC Heap History (6 events):
Event: 6,527 GC heap before
{Heap before GC invocations=0 (full 0):
 garbage-first heap   total 262144K, used 23552K [0x0000000700000000, 0x0000000800000000)
  region size 1024K, 24 young (24576K), 0 survivors (0K)
 Metaspace       used 12082K, capacity 12310K, committed 12672K, reserved 1060864K
  class space    used 1249K, capacity 1315K, committed 1408K, reserved 1048576K
}
Event: 6,554 GC heap after
{Heap after GC invocations=1 (full 0):
 garbage-first heap   total 262144K, used 3246K [0x0000000700000000, 0x0000000800000000)
  region size 1024K, 3 young (3072K), 3 survivors (3072K)
 Metaspace       used 12082K, capacity 12310K, committed 12672K, reserved 1060864K
  class space    used 1249K, capacity 1315K, committed 1408K, reserved 1048576K
}
Event: 14,602 GC heap before
{Heap before GC invocations=1 (full 0):
 garbage-first heap   total 262144K, used 76974K [0x0000000700000000, 0x0000000800000000)
  region size 1024K, 76 young (77824K), 3 survivors (3072K)
 Metaspace       used 20402K, capacity 20835K, committed 21248K, reserved 1069056K
  class space    used 2188K, capacity 2287K, committed 2304K, reserved 1048576K
}
Event: 14,688 GC heap after
{Heap after GC invocations=2 (full 0):
 garbage-first heap   total 262144K, used 7699K [0x0000000700000000, 0x0000000800000000)
  region size 1024K, 8 young (8192K), 8 survivors (8192K)
 Metaspace       used 20402K, capacity 20835K, committed 21248K, reserved 1069056K
  class space    used 2188K, capacity 2287K, committed 2304K, reserved 1048576K
}
Event: 27,910 GC heap before
{Heap before GC invocations=3 (full 0):
 garbage-first heap   total 262144K, used 55827K [0x0000000700000000, 0x0000000800000000)
  region size 1024K, 56 young (57344K), 8 survivors (8192K)
 Metaspace       used 34425K, capacity 35473K, committed 35584K, reserved 1081344K
  class space    used 4206K, capacity 4591K, committed 4608K, reserved 1048576K
}
Event: 27,989 GC heap after
{Heap after GC invocations=4 (full 0):
 garbage-first heap   total 262144K, used 14283K [0x0000000700000000, 0x0000000800000000)
  region size 1024K, 11 young (11264K), 11 survivors (11264K)
 Metaspace       used 34425K, capacity 35473K, committed 35584K, reserved 1081344K
  class space    used 4206K, capacity 4591K, committed 4608K, reserved 1048576K
}

Deoptimization events (10 events):
Event: 29,354 Thread 0x00007f94f1c57000 Uncommon trap: reason=bimorphic_or_optimized_type_check action=maybe_recompile pc=0x000000011615f6e8 method=java.net.URL.<init>(Ljava/net/URL;Ljava/lang/String;Ljava/net/URLStreamHandler;)V @ 504 c2
Event: 30,165 Thread 0x00007f94f1c9d000 Uncommon trap: reason=speculate_class_check action=maybe_recompile pc=0x00000001160e1ea8 method=jdk.internal.reflect.UnsafeObjectFieldAccessorImpl.get(Ljava/lang/Object;)Ljava/lang/Object; @ 13 c2
Event: 30,167 Thread 0x00007f94f1c9d000 Uncommon trap: reason=speculate_class_check action=maybe_recompile pc=0x00000001160e1ea8 method=jdk.internal.reflect.UnsafeObjectFieldAccessorImpl.get(Ljava/lang/Object;)Ljava/lang/Object; @ 13 c2
Event: 30,270 Thread 0x00007f94f1c9d000 Uncommon trap: reason=unstable_if action=reinterpret pc=0x000000011617c634 method=java.lang.CharacterDataLatin1.digit(II)I @ 7 c2
Event: 30,314 Thread 0x00007f94f18ab000 Uncommon trap: reason=bimorphic_or_optimized_type_check action=maybe_recompile pc=0x000000011614f400 method=java.io.DataInputStream.readFully([BII)V @ 34 c2
Event: 30,315 Thread 0x00007f94f18ab000 Uncommon trap: reason=unstable_if action=reinterpret pc=0x0000000116168cd8 method=java.io.ByteArrayInputStream.read()I @ 8 c2
Event: 30,315 Thread 0x00007f94f18ab000 Uncommon trap: reason=bimorphic_or_optimized_type_check action=maybe_recompile pc=0x000000011614f400 method=java.io.DataInputStream.readFully([BII)V @ 34 c2
Event: 30,315 Thread 0x00007f94f18ab000 Uncommon trap: reason=bimorphic_or_optimized_type_check action=maybe_recompile pc=0x000000011614f400 method=java.io.DataInputStream.readFully([BII)V @ 34 c2
Event: 30,368 Thread 0x00007f94f18ab000 Uncommon trap: reason=bimorphic_or_optimized_type_check action=maybe_recompile pc=0x000000011614f400 method=java.io.DataInputStream.readFully([BII)V @ 34 c2
Event: 31,924 Thread 0x00007f94efa35800 Uncommon trap: reason=unstable_if action=reinterpret pc=0x00000001161a9410 method=java.nio.ByteBuffer.hasArray()Z @ 4 c2

Classes redefined (0 events):
No events

Internal exceptions (10 events):
Event: 30,146 Thread 0x00007f94f18ab000 Exception <a 'java/io/FileNotFoundException'{0x000000070f077440}> (0x000000070f077440) thrown at [/scratch/mesos/slaves/83bb4d84-382c-4ead-b585-d8ef0018fefe-S19331/frameworks/1735e8a2-a1db-478c-8104-60c8b0af87dd-0196/executors/452f932d-9761-444d-b125-c42e
Event: 30,147 Thread 0x00007f94f18ab000 Exception <a 'java/io/FileNotFoundException'{0x000000070f078370}> (0x000000070f078370) thrown at [/scratch/mesos/slaves/83bb4d84-382c-4ead-b585-d8ef0018fefe-S19331/frameworks/1735e8a2-a1db-478c-8104-60c8b0af87dd-0196/executors/452f932d-9761-444d-b125-c42e
Event: 30,157 Thread 0x00007f94f18ab000 Exception <a 'java/io/FileNotFoundException'{0x000000070f08ac90}> (0x000000070f08ac90) thrown at [/scratch/mesos/slaves/83bb4d84-382c-4ead-b585-d8ef0018fefe-S19331/frameworks/1735e8a2-a1db-478c-8104-60c8b0af87dd-0196/executors/452f932d-9761-444d-b125-c42e
Event: 30,579 Thread 0x00007f94efa35800 Exception <a 'java/lang/NoSuchMethodError'{0x000000070ebb5490}: java.lang.invoke.DirectMethodHandle$Holder.invokeStaticInit(Ljava/lang/Object;I)Ljava/lang/Object;> (0x000000070ebb5490) thrown at [/scratch/mesos/slaves/83bb4d84-382c-4ead-b585-d8ef0018fefe-
Event: 32,047 Thread 0x00007f94f18ab000 Exception <a 'java/lang/ClassNotFoundException'{0x000000070e56ff48}: sun/awt/resources/spi/awtProvider> (0x000000070e56ff48) thrown at [/scratch/mesos/slaves/83bb4d84-382c-4ead-b585-d8ef0018fefe-S19331/frameworks/1735e8a2-a1db-478c-8104-60c8b0af87dd-0196/
Event: 32,064 Thread 0x00007f94f18ab000 Exception <a 'java/io/FileNotFoundException'{0x000000070e5e1e08}> (0x000000070e5e1e08) thrown at [/scratch/mesos/slaves/83bb4d84-382c-4ead-b585-d8ef0018fefe-S19331/frameworks/1735e8a2-a1db-478c-8104-60c8b0af87dd-0196/executors/452f932d-9761-444d-b125-c42e
Event: 32,065 Thread 0x00007f94f18ab000 Exception <a 'java/io/FileNotFoundException'{0x000000070e5e5970}> (0x000000070e5e5970) thrown at [/scratch/mesos/slaves/83bb4d84-382c-4ead-b585-d8ef0018fefe-S19331/frameworks/1735e8a2-a1db-478c-8104-60c8b0af87dd-0196/executors/452f932d-9761-444d-b125-c42e
Event: 32,393 Thread 0x00007f94f18ab000 Exception <a 'javax/imageio/IIOException'{0x000000070e3b4ee8}: Bogus input colorspace> (0x000000070e3b4ee8) thrown at [/scratch/mesos/slaves/83bb4d84-382c-4ead-b585-d8ef0018fefe-S19331/frameworks/1735e8a2-a1db-478c-8104-60c8b0af87dd-0196/executors/452f932
Event: 32,639 Thread 0x00007f94f1c83000 Exception <a 'java/lang/NoClassDefFoundError'{0x000000070e000a78}: com/sun/webkit/FileSystem> (0x000000070e000a78) thrown at [/scratch/mesos/slaves/83bb4d84-382c-4ead-b585-d8ef0018fefe-S19331/frameworks/1735e8a2-a1db-478c-8104-60c8b0af87dd-0196/executors/
Event: 32,639 Thread 0x00007f94f1c83000 Exception <a 'java/lang/NoSuchMethodError'{0x000000070e000d88}: fwkMakeAllDirectories> (0x000000070e000d88) thrown at [/scratch/mesos/slaves/83bb4d84-382c-4ead-b585-d8ef0018fefe-S19331/frameworks/1735e8a2-a1db-478c-8104-60c8b0af87dd-0196/executors/452f932

Events (10 events):
Event: 32,600 Thread 0x00007f94f18ab000 DEOPT UNPACKING pc=0x000000010e54073a sp=0x00007ffeee261058 mode 0
Event: 32,603 Thread 0x00007f94f18ab000 DEOPT PACKING pc=0x000000010f338db0 sp=0x00007ffeee261bd0
Event: 32,603 Thread 0x00007f94f18ab000 DEOPT UNPACKING pc=0x000000010e54073a sp=0x00007ffeee261058 mode 0
Event: 32,606 Thread 0x00007f94f18ab000 DEOPT PACKING pc=0x000000010f338db0 sp=0x00007ffeee261bd0
Event: 32,606 Thread 0x00007f94f18ab000 DEOPT UNPACKING pc=0x000000010e54073a sp=0x00007ffeee261058 mode 0
Event: 32,609 Thread 0x00007f94f18ab000 DEOPT PACKING pc=0x000000010f338db0 sp=0x00007ffeee261bd0
Event: 32,609 Thread 0x00007f94f18ab000 DEOPT UNPACKING pc=0x000000010e54073a sp=0x00007ffeee261058 mode 0
Event: 32,638 Thread 0x00007f94f1c83000 Thread added: 0x00007f94f1c83000
Event: 32,638 loading class com/sun/webkit/FileSystem
Event: 32,638 loading class com/sun/webkit/FileSystem done


Dynamic libraries:
0x00007fff4ed9d000 	/System/Library/Frameworks/Cocoa.framework/Versions/A/Cocoa
0x00007fff5b04c000 	/System/Library/Frameworks/Security.framework/Versions/A/Security
0x00007fff4d9a7000 	/System/Library/Frameworks/ApplicationServices.framework/Versions/A/ApplicationServices
0x00007fff7c53a000 	/usr/lib/libz.1.dylib
0x00007fff79b38000 	/usr/lib/libSystem.B.dylib
0x00007fff4f5cd000 	/System/Library/Frameworks/CoreFoundation.framework/Versions/A/CoreFoundation
0x00007fff5196a000 	/System/Library/Frameworks/Foundation.framework/Versions/C/Foundation
0x00007fff7b65f000 	/usr/lib/libobjc.A.dylib
0x00007fff4cb36000 	/System/Library/Frameworks/AppKit.framework/Versions/C/AppKit
0x00007fff4f134000 	/System/Library/Frameworks/CoreData.framework/Versions/A/CoreData
0x00007fff72d2a000 	/System/Library/PrivateFrameworks/RemoteViewServices.framework/Versions/A/RemoteViewServices
0x00007fff77813000 	/System/Library/PrivateFrameworks/UIFoundation.framework/Versions/A/UIFoundation
0x00007fff78fbf000 	/System/Library/PrivateFrameworks/XCTTargetBootstrap.framework/Versions/A/XCTTargetBootstrap
0x00007fff6d884000 	/System/Library/PrivateFrameworks/IconServices.framework/Versions/A/IconServices
0x00007fff54212000 	/System/Library/Frameworks/Metal.framework/Versions/A/Metal
0x00007fff64b16000 	/System/Library/PrivateFrameworks/DesktopServicesPriv.framework/Versions/A/DesktopServicesPriv
0x00007fff7a973000 	/usr/lib/libenergytrace.dylib
0x00007fff7558c000 	/System/Library/PrivateFrameworks/SkyLight.framework/Versions/A/SkyLight
0x00007fff4fa1f000 	/System/Library/Frameworks/CoreGraphics.framework/Versions/A/CoreGraphics
0x00007fff4b708000 	/System/Library/Frameworks/Accelerate.framework/Versions/A/Accelerate
0x00007fff520f0000 	/System/Library/Frameworks/IOSurface.framework/Versions/A/IOSurface
0x00007fff64978000 	/System/Library/PrivateFrameworks/DFRFoundation.framework/Versions/A/DFRFoundation
0x00007fff4deac000 	/System/Library/Frameworks/AudioToolbox.framework/Versions/A/AudioToolbox
0x00007fff4e14a000 	/System/Library/Frameworks/AudioUnit.framework/Versions/A/AudioUnit
0x00007fff64a0f000 	/System/Library/PrivateFrameworks/DataDetectorsCore.framework/Versions/A/DataDetectorsCore
0x00007fff4e889000 	/System/Library/Frameworks/Carbon.framework/Versions/A/Frameworks/HIToolbox.framework/Versions/A/HIToolbox
0x00007fff7aace000 	/usr/lib/libicucore.A.dylib
0x00007fff5a5a8000 	/System/Library/Frameworks/QuartzCore.framework/Versions/A/QuartzCore
0x00007fff4ec70000 	/System/Library/Frameworks/Carbon.framework/Versions/A/Frameworks/SpeechRecognition.framework/Versions/A/SpeechRecognition
0x00007fff79d1b000 	/usr/lib/libauto.dylib
0x00007fff7c42d000 	/usr/lib/libxml2.2.dylib
0x00007fff6457d000 	/System/Library/PrivateFrameworks/CoreUI.framework/Versions/A/CoreUI
0x00007fff4f012000 	/System/Library/Frameworks/CoreAudio.framework/Versions/A/CoreAudio
0x00007fff5179c000 	/System/Library/Frameworks/DiskArbitration.framework/Versions/A/DiskArbitration
0x00007fff7ad7e000 	/usr/lib/liblangid.dylib
0x00007fff6ed2f000 	/System/Library/PrivateFrameworks/MultitouchSupport.framework/Versions/A/MultitouchSupport
0x00007fff5205d000 	/System/Library/Frameworks/IOKit.framework/Versions/A/IOKit
0x00007fff79786000 	/usr/lib/libDiagnosticMessagesClient.dylib
0x00007fff508a7000 	/System/Library/Frameworks/CoreServices.framework/Versions/A/CoreServices
0x00007fff70a59000 	/System/Library/PrivateFrameworks/PerformanceAnalysis.framework/Versions/A/PerformanceAnalysis
0x00007fff5973d000 	/System/Library/Frameworks/OpenGL.framework/Versions/A/OpenGL
0x00007fff4edab000 	/System/Library/Frameworks/ColorSync.framework/Versions/A/ColorSync
0x00007fff500cb000 	/System/Library/Frameworks/CoreImage.framework/Versions/A/CoreImage
0x00007fff512e5000 	/System/Library/Frameworks/CoreText.framework/Versions/A/CoreText
0x00007fff52151000 	/System/Library/Frameworks/ImageIO.framework/Versions/A/ImageIO
0x00007fff60bf3000 	/System/Library/PrivateFrameworks/Backup.framework/Versions/A/Backup
0x00007fff79bee000 	/usr/lib/libarchive.2.dylib
0x00007fff4e4ae000 	/System/Library/Frameworks/CFNetwork.framework/Versions/A/CFNetwork
0x00007fff5b7f5000 	/System/Library/Frameworks/SystemConfiguration.framework/Versions/A/SystemConfiguration
0x00007fff796af000 	/usr/lib/libCRFSuite.dylib
0x00007fff79e13000 	/usr/lib/libc++.1.dylib
0x00007fff79e6b000 	/usr/lib/libc++abi.dylib
0x00007fff7c5bd000 	/usr/lib/system/libcache.dylib
0x00007fff7c5c2000 	/usr/lib/system/libcommonCrypto.dylib
0x00007fff7c5cd000 	/usr/lib/system/libcompiler_rt.dylib
0x00007fff7c5d5000 	/usr/lib/system/libcopyfile.dylib
0x00007fff7c5df000 	/usr/lib/system/libcorecrypto.dylib
0x00007fff7c6e9000 	/usr/lib/system/libdispatch.dylib
0x00007fff7c724000 	/usr/lib/system/libdyld.dylib
0x00007fff7c754000 	/usr/lib/system/libkeymgr.dylib
0x00007fff7c762000 	/usr/lib/system/liblaunch.dylib
0x00007fff7c763000 	/usr/lib/system/libmacho.dylib
0x00007fff7c769000 	/usr/lib/system/libquarantine.dylib
0x00007fff7c76c000 	/usr/lib/system/libremovefile.dylib
0x00007fff7c76e000 	/usr/lib/system/libsystem_asl.dylib
0x00007fff7c786000 	/usr/lib/system/libsystem_blocks.dylib
0x00007fff7c787000 	/usr/lib/system/libsystem_c.dylib
0x00007fff7c810000 	/usr/lib/system/libsystem_configuration.dylib
0x00007fff7c814000 	/usr/lib/system/libsystem_coreservices.dylib
0x00007fff7c818000 	/usr/lib/system/libsystem_darwin.dylib
0x00007fff7c81f000 	/usr/lib/system/libsystem_dnssd.dylib
0x00007fff7c826000 	/usr/lib/system/libsystem_info.dylib
0x00007fff7c89b000 	/usr/lib/system/libsystem_m.dylib
0x00007fff7c8e7000 	/usr/lib/system/libsystem_malloc.dylib
0x00007fff7c90c000 	/usr/lib/system/libsystem_networkextension.dylib
0x00007fff7c918000 	/usr/lib/system/libsystem_notify.dylib
0x00007fff7c935000 	/usr/lib/system/libsystem_sandbox.dylib
0x00007fff7c939000 	/usr/lib/system/libsystem_secinit.dylib
0x00007fff7c873000 	/usr/lib/system/libsystem_kernel.dylib
0x00007fff7c920000 	/usr/lib/system/libsystem_platform.dylib
0x00007fff7c92a000 	/usr/lib/system/libsystem_pthread.dylib
0x00007fff7c93c000 	/usr/lib/system/libsystem_symptoms.dylib
0x00007fff7c944000 	/usr/lib/system/libsystem_trace.dylib
0x00007fff7c95b000 	/usr/lib/system/libunwind.dylib
0x00007fff7c961000 	/usr/lib/system/libxpc.dylib
0x00007fff79df3000 	/usr/lib/libbsm.0.dylib
0x00007fff7c755000 	/usr/lib/system/libkxld.dylib
0x00007fff5feaf000 	/System/Library/PrivateFrameworks/AppleFSCompression.framework/Versions/A/AppleFSCompression
0x00007fff799f7000 	/usr/lib/libOpenScriptingUtil.dylib
0x00007fff7a156000 	/usr/lib/libcoretls.dylib
0x00007fff7a16d000 	/usr/lib/libcoretls_cfhelpers.dylib
0x00007fff7bdfb000 	/usr/lib/libpam.2.dylib
0x00007fff7bfbe000 	/usr/lib/libsqlite3.dylib
0x00007fff7c41b000 	/usr/lib/libxar.1.dylib
0x00007fff79e04000 	/usr/lib/libbz2.1.0.dylib
0x00007fff7ad80000 	/usr/lib/liblzma.5.dylib
0x00007fff7b276000 	/usr/lib/libnetwork.dylib
0x00007fff79bd7000 	/usr/lib/libapple_nghttp2.dylib
0x00007fff7be02000 	/usr/lib/libpcap.A.dylib
0x00007fff50c4b000 	/System/Library/Frameworks/CoreServices.framework/Versions/A/Frameworks/FSEvents.framework/Versions/A/FSEvents
0x00007fff50927000 	/System/Library/Frameworks/CoreServices.framework/Versions/A/Frameworks/CarbonCore.framework/Versions/A/CarbonCore
0x00007fff50e20000 	/System/Library/Frameworks/CoreServices.framework/Versions/A/Frameworks/Metadata.framework/Versions/A/Metadata
0x00007fff50ec3000 	/System/Library/Frameworks/CoreServices.framework/Versions/A/Frameworks/OSServices.framework/Versions/A/OSServices
0x00007fff50f0f000 	/System/Library/Frameworks/CoreServices.framework/Versions/A/Frameworks/SearchKit.framework/Versions/A/SearchKit
0x00007fff508a8000 	/System/Library/Frameworks/CoreServices.framework/Versions/A/Frameworks/AE.framework/Versions/A/AE
0x00007fff50c54000 	/System/Library/Frameworks/CoreServices.framework/Versions/A/Frameworks/LaunchServices.framework/Versions/A/LaunchServices
0x00007fff50c00000 	/System/Library/Frameworks/CoreServices.framework/Versions/A/Frameworks/DictionaryServices.framework/Versions/A/DictionaryServices
0x00007fff50f7e000 	/System/Library/Frameworks/CoreServices.framework/Versions/A/Frameworks/SharedFileList.framework/Versions/A/SharedFileList
0x00007fff556cd000 	/System/Library/Frameworks/NetFS.framework/Versions/A/NetFS
0x00007fff6efcb000 	/System/Library/PrivateFrameworks/NetAuth.framework/Versions/A/NetAuth
0x00007fff793f3000 	/System/Library/PrivateFrameworks/login.framework/Versions/A/Frameworks/loginsupport.framework/Versions/A/loginsupport
0x00007fff7740f000 	/System/Library/PrivateFrameworks/TCC.framework/Versions/A/TCC
0x00007fff63ba5000 	/System/Library/PrivateFrameworks/CoreNLP.framework/Versions/A/CoreNLP
0x00007fff6ea20000 	/System/Library/PrivateFrameworks/MetadataUtilities.framework/Versions/A/MetadataUtilities
0x00007fff7ae61000 	/usr/lib/libmecabra.dylib
0x00007fff4d9a8000 	/System/Library/Frameworks/ApplicationServices.framework/Versions/A/Frameworks/ATS.framework/Versions/A/ATS
0x00007fff4dd13000 	/System/Library/Frameworks/ApplicationServices.framework/Versions/A/Frameworks/ColorSyncLegacy.framework/Versions/A/ColorSyncLegacy
0x00007fff4ddb4000 	/System/Library/Frameworks/ApplicationServices.framework/Versions/A/Frameworks/HIServices.framework/Versions/A/HIServices
0x00007fff4de07000 	/System/Library/Frameworks/ApplicationServices.framework/Versions/A/Frameworks/LangAnalysis.framework/Versions/A/LangAnalysis
0x00007fff4de16000 	/System/Library/Frameworks/ApplicationServices.framework/Versions/A/Frameworks/PrintCore.framework/Versions/A/PrintCore
0x00007fff4de63000 	/System/Library/Frameworks/ApplicationServices.framework/Versions/A/Frameworks/QD.framework/Versions/A/QD
0x00007fff4de9f000 	/System/Library/Frameworks/ApplicationServices.framework/Versions/A/Frameworks/SpeechSynthesis.framework/Versions/A/SpeechSynthesis
0x00007fff79e93000 	/usr/lib/libcompression.dylib
0x00007fff4f4e3000 	/System/Library/Frameworks/CoreDisplay.framework/Versions/A/CoreDisplay
0x00007fff544ce000 	/System/Library/Frameworks/MetalPerformanceShaders.framework/Versions/A/MetalPerformanceShaders
0x00007fff4b720000 	/System/Library/Frameworks/Accelerate.framework/Versions/A/Frameworks/vImage.framework/Versions/A/vImage
0x00007fff4c985000 	/System/Library/Frameworks/Accelerate.framework/Versions/A/Frameworks/vecLib.framework/Versions/A/vecLib
0x00007fff4c80d000 	/System/Library/Frameworks/Accelerate.framework/Versions/A/Frameworks/vecLib.framework/Versions/A/libvMisc.dylib
0x00007fff4c66e000 	/System/Library/Frameworks/Accelerate.framework/Versions/A/Frameworks/vecLib.framework/Versions/A/libvDSP.dylib
0x00007fff4c015000 	/System/Library/Frameworks/Accelerate.framework/Versions/A/Frameworks/vecLib.framework/Versions/A/libBLAS.dylib
0x00007fff4c207000 	/System/Library/Frameworks/Accelerate.framework/Versions/A/Frameworks/vecLib.framework/Versions/A/libLAPACK.dylib
0x00007fff4c5c1000 	/System/Library/Frameworks/Accelerate.framework/Versions/A/Frameworks/vecLib.framework/Versions/A/libLinearAlgebra.dylib
0x00007fff4c65b000 	/System/Library/Frameworks/Accelerate.framework/Versions/A/Frameworks/vecLib.framework/Versions/A/libSparseBLAS.dylib
0x00007fff4c5d7000 	/System/Library/Frameworks/Accelerate.framework/Versions/A/Frameworks/vecLib.framework/Versions/A/libQuadrature.dylib
0x00007fff4c1c1000 	/System/Library/Frameworks/Accelerate.framework/Versions/A/Frameworks/vecLib.framework/Versions/A/libBNNS.dylib
0x00007fff4c5dd000 	/System/Library/Frameworks/Accelerate.framework/Versions/A/Frameworks/vecLib.framework/Versions/A/libSparse.dylib
0x00007fff6b0a3000 	/System/Library/PrivateFrameworks/GPUWrangler.framework/Versions/A/GPUWrangler
0x00007fff6d44d000 	/System/Library/PrivateFrameworks/IOAccelerator.framework/Versions/A/IOAccelerator
0x00007fff6d458000 	/System/Library/PrivateFrameworks/IOPresentment.framework/Versions/A/IOPresentment
0x00007fff64988000 	/System/Library/PrivateFrameworks/DSExternalDisplay.framework/Versions/A/DSExternalDisplay
0x00007fff58b82000 	/System/Library/Frameworks/OpenGL.framework/Versions/A/Libraries/libCoreFSCache.dylib
0x00007fff542c2000 	/System/Library/Frameworks/MetalPerformanceShaders.framework/Frameworks/MPSCore.framework/Versions/A/MPSCore
0x00007fff542e3000 	/System/Library/Frameworks/MetalPerformanceShaders.framework/Frameworks/MPSImage.framework/Versions/A/MPSImage
0x00007fff5438a000 	/System/Library/Frameworks/MetalPerformanceShaders.framework/Frameworks/MPSNeuralNetwork.framework/Versions/A/MPSNeuralNetwork
0x00007fff54361000 	/System/Library/Frameworks/MetalPerformanceShaders.framework/Frameworks/MPSMatrix.framework/Versions/A/MPSMatrix
0x00007fff544b2000 	/System/Library/Frameworks/MetalPerformanceShaders.framework/Frameworks/MPSRayIntersector.framework/Versions/A/MPSRayIntersector
0x00007fff6ea49000 	/System/Library/PrivateFrameworks/MetalTools.framework/Versions/A/MetalTools
0x00007fff5f5ab000 	/System/Library/PrivateFrameworks/AggregateDictionary.framework/Versions/A/AggregateDictionary
0x00007fff799d7000 	/usr/lib/libMobileGestalt.dylib
0x00007fff5144b000 	/System/Library/Frameworks/CoreVideo.framework/Versions/A/CoreVideo
0x00007fff6bf07000 	/System/Library/PrivateFrameworks/GraphVisualizer.framework/Versions/A/GraphVisualizer
0x00007fff65cb3000 	/System/Library/PrivateFrameworks/FaceCore.framework/Versions/A/FaceCore
0x00007fff58199000 	/System/Library/Frameworks/OpenCL.framework/Versions/A/OpenCL
0x00007fff797be000 	/usr/lib/libFosl_dynamic.dylib
0x00007fff6f8a0000 	/System/Library/PrivateFrameworks/OTSVG.framework/Versions/A/OTSVG
0x00007fff4daac000 	/System/Library/Frameworks/ApplicationServices.framework/Versions/A/Frameworks/ATS.framework/Versions/A/Resources/libFontParser.dylib
0x00007fff4dbcc000 	/System/Library/Frameworks/ApplicationServices.framework/Versions/A/Frameworks/ATS.framework/Versions/A/Resources/libFontRegistry.dylib
0x00007fff523d4000 	/System/Library/Frameworks/ImageIO.framework/Versions/A/Resources/libJPEG.dylib
0x00007fff526f7000 	/System/Library/Frameworks/ImageIO.framework/Versions/A/Resources/libTIFF.dylib
0x00007fff526cd000 	/System/Library/Frameworks/ImageIO.framework/Versions/A/Resources/libPng.dylib
0x00007fff522e9000 	/System/Library/Frameworks/ImageIO.framework/Versions/A/Resources/libGIF.dylib
0x00007fff522ee000 	/System/Library/Frameworks/ImageIO.framework/Versions/A/Resources/libJP2.dylib
0x00007fff526f4000 	/System/Library/Frameworks/ImageIO.framework/Versions/A/Resources/libRadiance.dylib
0x00007fff60008000 	/System/Library/PrivateFrameworks/AppleJPEG.framework/Versions/A/AppleJPEG
0x00007fff58b8d000 	/System/Library/Frameworks/OpenGL.framework/Versions/A/Libraries/libGFXShared.dylib
0x00007fff58d50000 	/System/Library/Frameworks/OpenGL.framework/Versions/A/Libraries/libGLU.dylib
0x00007fff58b96000 	/System/Library/Frameworks/OpenGL.framework/Versions/A/Libraries/libGL.dylib
0x00007fff58ba2000 	/System/Library/Frameworks/OpenGL.framework/Versions/A/Libraries/libGLImage.dylib
0x00007fff58b7f000 	/System/Library/Frameworks/OpenGL.framework/Versions/A/Libraries/libCVMSPluginSupport.dylib
0x00007fff58b88000 	/System/Library/Frameworks/OpenGL.framework/Versions/A/Libraries/libCoreVMClient.dylib
0x00007fff7a7e5000 	/usr/lib/libcups.2.dylib
0x00007fff537da000 	/System/Library/Frameworks/Kerberos.framework/Versions/A/Kerberos
0x00007fff51da9000 	/System/Library/Frameworks/GSS.framework/Versions/A/GSS
0x00007fff7bf52000 	/usr/lib/libresolv.9.dylib
0x00007fff7a9dc000 	/usr/lib/libiconv.2.dylib
0x00007fff6bffd000 	/System/Library/PrivateFrameworks/Heimdal.framework/Versions/A/Heimdal
0x00007fff7a9ab000 	/usr/lib/libheimdal-asn1.dylib
0x00007fff58210000 	/System/Library/Frameworks/OpenDirectory.framework/Versions/A/OpenDirectory
0x00007fff628b6000 	/System/Library/PrivateFrameworks/CommonAuth.framework/Versions/A/CommonAuth
0x00007fff581f3000 	/System/Library/Frameworks/OpenDirectory.framework/Versions/A/Frameworks/CFOpenDirectory.framework/Versions/A/CFOpenDirectory
0x00007fff5b373000 	/System/Library/Frameworks/SecurityFoundation.framework/Versions/A/SecurityFoundation
0x00007fff5eaca000 	/System/Library/PrivateFrameworks/APFS.framework/Versions/A/APFS
0x00007fff7c417000 	/usr/lib/libutil.dylib
0x00007fff79e81000 	/usr/lib/libcharset.1.dylib
0x00007fff602a1000 	/System/Library/PrivateFrameworks/AppleSauce.framework/Versions/A/AppleSauce
0x00007fff6042f000 	/System/Library/PrivateFrameworks/AssertionServices.framework/Versions/A/AssertionServices
0x00007fff60c96000 	/System/Library/PrivateFrameworks/BaseBoard.framework/Versions/A/BaseBoard
0x00007fff7adb0000 	/usr/lib/libmecab.1.0.0.dylib
0x00007fff7a9a5000 	/usr/lib/libgermantok.dylib
0x00007fff79bc3000 	/usr/lib/libThaiTokenizer.dylib
0x00007fff796ea000 	/usr/lib/libChineseTokenizer.dylib
0x00007fff6db80000 	/System/Library/PrivateFrameworks/LanguageModeling.framework/Versions/A/LanguageModeling
0x00007fff635bc000 	/System/Library/PrivateFrameworks/CoreEmoji.framework/Versions/A/CoreEmoji
0x00007fff6dc78000 	/System/Library/PrivateFrameworks/Lexicon.framework/Versions/A/Lexicon
0x00007fff6dcc0000 	/System/Library/PrivateFrameworks/LinguisticData.framework/Versions/A/LinguisticData
0x00007fff79e82000 	/usr/lib/libcmph.dylib
0x00007fff5b434000 	/System/Library/Frameworks/ServiceManagement.framework/Versions/A/ServiceManagement
0x00007fff60be9000 	/System/Library/PrivateFrameworks/BackgroundTaskManagement.framework/Versions/A/BackgroundTaskManagement
0x00007fff7c511000 	/usr/lib/libxslt.1.dylib
0x00007fff4eb9b000 	/System/Library/Frameworks/Carbon.framework/Versions/A/Frameworks/Ink.framework/Versions/A/Ink
0x00007fff7768b000 	/System/Library/PrivateFrameworks/TextureIO.framework/Versions/A/TextureIO
0x00007fff79c18000 	/usr/lib/libate.dylib
0x00007fff648e4000 	/System/Library/PrivateFrameworks/CrashReporterSupport.framework/Versions/A/CrashReporterSupport
0x00007fff746bb000 	/System/Library/PrivateFrameworks/Sharing.framework/Versions/A/Sharing
0x00007fff60775000 	/System/Library/PrivateFrameworks/AuthKit.framework/Versions/A/AuthKit
0x00007fff5fba7000 	/System/Library/PrivateFrameworks/Apple80211.framework/Versions/A/Apple80211
0x00007fff646aa000 	/System/Library/PrivateFrameworks/CoreUtils.framework/Versions/A/CoreUtils
0x00007fff51489000 	/System/Library/Frameworks/CoreWLAN.framework/Versions/A/CoreWLAN
0x00007fff51ef2000 	/System/Library/Frameworks/IOBluetooth.framework/Versions/A/IOBluetooth
0x00007fff72a21000 	/System/Library/PrivateFrameworks/ProtocolBuffer.framework/Versions/A/ProtocolBuffer
0x00007fff6ec86000 	/System/Library/PrivateFrameworks/MobileKeyBag.framework/Versions/A/MobileKeyBag
0x00007fff63ed2000 	/System/Library/PrivateFrameworks/CorePhoneNumbers.framework/Versions/A/CorePhoneNumbers
0x00007fff5ffbc000 	/System/Library/PrivateFrameworks/AppleIDAuthSupport.framework/Versions/A/AppleIDAuthSupport
0x00007fff6db52000 	/System/Library/PrivateFrameworks/KeychainCircle.framework/Versions/A/KeychainCircle
0x00007fff72bee000 	/System/Library/PrivateFrameworks/ROCKit.framework/Versions/A/ROCKit
0x00007fff64880000 	/System/Library/PrivateFrameworks/CoreWiFi.framework/Versions/A/CoreWiFi
0x00007fff4f108000 	/System/Library/Frameworks/CoreBluetooth.framework/Versions/A/CoreBluetooth
0x00007fff64ad4000 	/System/Library/PrivateFrameworks/DebugSymbols.framework/Versions/A/DebugSymbols
0x00007fff6445f000 	/System/Library/PrivateFrameworks/CoreSymbolication.framework/Versions/A/CoreSymbolication
0x00007fff76e79000 	/System/Library/PrivateFrameworks/Symbolication.framework/Versions/A/Symbolication
0x00007fff7600b000 	/System/Library/PrivateFrameworks/SpeechRecognitionCore.framework/Versions/A/SpeechRecognitionCore
0x0000000102a00000 	/Library/Java/JavaVirtualMachines/jdk-11.0.1.jdk/Contents/Home/lib/server/libjvm.dylib
0x00000001019c4000 	/Library/Java/JavaVirtualMachines/jdk-11.0.1.jdk/Contents/Home/lib/libverify.dylib
0x00000001019d0000 	/Library/Java/JavaVirtualMachines/jdk-11.0.1.jdk/Contents/Home/lib/libjava.dylib
0x00000001037c6000 	/Library/Java/JavaVirtualMachines/jdk-11.0.1.jdk/Contents/Home/lib/libzip.dylib
0x00000001037ce000 	/Library/Java/JavaVirtualMachines/jdk-11.0.1.jdk/Contents/Home/lib/libjimage.dylib
0x000000010610e000 	/Library/Java/JavaVirtualMachines/jdk-11.0.1.jdk/Contents/Home/lib/libnio.dylib
0x000000012803b000 	/Library/Java/JavaVirtualMachines/jdk-11.0.1.jdk/Contents/Home/lib/./libnet.dylib
0x00000001280d7000 	/Users/antonepple/.openjfx/cache/11/libprism_es2.dylib
0x00007fff64069000 	/System/Library/PrivateFrameworks/CoreServicesInternal.framework/Versions/A/CoreServicesInternal
0x00007fff5974d000 	/System/Library/Frameworks/OpenGL.framework/Versions/A/Resources/GLEngine.bundle/GLEngine
0x00007fff58bdd000 	/System/Library/Frameworks/OpenGL.framework/Versions/A/Libraries/libGLProgrammability.dylib
0x00007fff46010000 	/System/Library/Extensions/AppleIntelHD4000GraphicsGLDriver.bundle/Contents/MacOS/AppleIntelHD4000GraphicsGLDriver
0x00007fff6b097000 	/System/Library/PrivateFrameworks/GPUSupport.framework/Versions/A/Libraries/libGPUSupportMercury.dylib
0x00007fff4a182000 	/System/Library/Extensions/GeForceGLDriver.bundle/Contents/MacOS/GeForceGLDriver
0x00007fff4aab4000 	/System/Library/Extensions/GeForceGLDriver.bundle/Contents/MacOS/libclh.dylib
0x00007fff598e4000 	/System/Library/Frameworks/OpenGL.framework/Versions/A/Resources/GLRendererFloat.bundle/GLRendererFloat
0x00007fff58190000 	/System/Library/Frameworks/OpenCL.framework/Versions/A/Libraries/libcldcpuengine.dylib
0x00007fff7a30d000 	/usr/lib/libcrypto.35.dylib
0x00007fff7780c000 	/System/Library/PrivateFrameworks/TrustEvaluationAgent.framework/Versions/A/TrustEvaluationAgent
0x000000012b8dd000 	/Users/antonepple/.openjfx/cache/11/libglass.dylib
0x00007fff44231000 	/System/Library/CoreServices/RawCamera.bundle/Contents/MacOS/RawCamera
0x00007fff6eaf0000 	/System/Library/PrivateFrameworks/MobileAsset.framework/Versions/A/MobileAsset
0x00007fff766fd000 	/System/Library/PrivateFrameworks/StreamingZip.framework/Versions/A/StreamingZip
0x00007fff53b74000 	/System/Library/Frameworks/MediaToolbox.framework/Versions/A/MediaToolbox
0x00007fff63147000 	/System/Library/PrivateFrameworks/CoreAVCHD.framework/Versions/A/CoreAVCHD
0x00007fff53ab0000 	/System/Library/Frameworks/MediaAccessibility.framework/Versions/A/MediaAccessibility
0x00007fff6e523000 	/System/Library/PrivateFrameworks/Mangrove.framework/Versions/A/Mangrove
0x00007fff50742000 	/System/Library/Frameworks/CoreMedia.framework/Versions/A/CoreMedia
0x00007fff5bac6000 	/System/Library/Frameworks/VideoToolbox.framework/Versions/A/VideoToolbox
0x00007fff62d6f000 	/System/Library/PrivateFrameworks/CoreAUC.framework/Versions/A/CoreAUC
0x00007fff7bfbc000 	/usr/lib/libspindump.dylib
0x00007fff60394000 	/System/Library/PrivateFrameworks/AppleVA.framework/Versions/A/AppleVA
0x00007fff4b709000 	/System/Library/Frameworks/Accelerate.framework/Versions/A/Frameworks/vImage.framework/Versions/A/Libraries/libCGInterfaces.dylib
0x00007fff786bb000 	/System/Library/PrivateFrameworks/ViewBridge.framework/Versions/A/ViewBridge
0x000000012e3bf000 	/Users/antonepple/.openjfx/cache/11/libjfxwebkit.dylib
0x00000001324aa000 	/Users/antonepple/.openjfx/cache/11/libjavafx_font.dylib
0x00007fff4dc76000 	/System/Library/Frameworks/ApplicationServices.framework/Versions/A/Frameworks/ATS.framework/Versions/A/Resources/libTrueTypeScaler.dylib
0x000000012813f000 	/Library/Java/JavaVirtualMachines/jdk-11.0.1.jdk/Contents/Home/lib/libsunec.dylib
0x0000000128ab9000 	/usr/lib/libobjc-trampolines.dylib
0x0000000128a99000 	/Library/Java/JavaVirtualMachines/jdk-11.0.1.jdk/Contents/Home/lib/libextnet.dylib
0x00007fff46532000 	/System/Library/Extensions/AppleIntelHD4000GraphicsMTLDriver.bundle/Contents/MacOS/AppleIntelHD4000GraphicsMTLDriver
0x00007fff4b191000 	/System/Library/Extensions/GeForceMTLDriver.bundle/Contents/MacOS/GeForceMTLDriver
0x00007fff699fd000 	/System/Library/PrivateFrameworks/GPUCompiler.framework/Versions/3902/Libraries/libmetal_timestamp.dylib
0x000000013c31e000 	/Users/antonepple/.openjfx/cache/11/libglib-lite.dylib
0x00007fff7a99b000 	/usr/lib/libffi.dylib
0x000000013c452000 	/Users/antonepple/.openjfx/cache/11/libgstreamer-lite.dylib
0x00000001336b7000 	/Users/antonepple/.openjfx/cache/11/libjfxmedia.dylib
0x00000001341d6000 	/Users/antonepple/.openjfx/cache/11/libjfxmedia_avf.dylib
0x00007fff4b33d000 	/System/Library/Frameworks/AVFoundation.framework/Versions/A/AVFoundation
0x00007fff4b52c000 	/System/Library/Frameworks/AVFoundation.framework/Versions/A/Frameworks/AVFAudio.framework/Versions/A/AVFAudio
0x00007fff6d9de000 	/System/Library/PrivateFrameworks/InternationalSupport.framework/Versions/A/InternationalSupport
0x00007fff50844000 	/System/Library/Frameworks/CoreMediaIO.framework/Versions/A/CoreMediaIO
0x00007fff72d0b000 	/System/Library/PrivateFrameworks/RemoteServiceDiscovery.framework/Versions/A/RemoteServiceDiscovery
0x00007fff72d4e000 	/System/Library/PrivateFrameworks/RemoteXPC.framework/Versions/A/RemoteXPC
0x00000001349f4000 	/Library/Java/JavaVirtualMachines/jdk-11.0.1.jdk/Contents/Home/lib/libawt.dylib
0x0000000136700000 	/Library/Java/JavaVirtualMachines/jdk-11.0.1.jdk/Contents/Home/lib/./libmlib_image.dylib
0x00007fff537c3000 	/System/Library/Frameworks/JavaVM.framework/Versions/A/Frameworks/JavaNativeFoundation.framework/Versions/A/JavaNativeFoundation
0x00007fff537cc000 	/System/Library/Frameworks/JavaVM.framework/Versions/A/Frameworks/JavaRuntimeSupport.framework/Versions/A/JavaRuntimeSupport
0x00007fff537d5000 	/System/Library/Frameworks/JavaVM.framework/Versions/A/JavaVM
0x00007fff6da69000 	/System/Library/PrivateFrameworks/JavaLaunching.framework/Versions/A/JavaLaunching
0x00007fff4e884000 	/System/Library/Frameworks/Carbon.framework/Versions/A/Carbon
0x00007fff4e885000 	/System/Library/Frameworks/Carbon.framework/Versions/A/Frameworks/CommonPanels.framework/Versions/A/CommonPanels
0x00007fff4eb91000 	/System/Library/Frameworks/Carbon.framework/Versions/A/Frameworks/Help.framework/Versions/A/Help
0x00007fff4eb95000 	/System/Library/Frameworks/Carbon.framework/Versions/A/Frameworks/ImageCapture.framework/Versions/A/ImageCapture
0x00007fff4ec30000 	/System/Library/Frameworks/Carbon.framework/Versions/A/Frameworks/OpenScripting.framework/Versions/A/OpenScripting
0x00007fff4ec6b000 	/System/Library/Frameworks/Carbon.framework/Versions/A/Frameworks/Print.framework/Versions/A/Print
0x00007fff4ec6d000 	/System/Library/Frameworks/Carbon.framework/Versions/A/Frameworks/SecurityHI.framework/Versions/A/SecurityHI
0x0000000137000000 	/Library/Java/JavaVirtualMachines/jdk-11.0.1.jdk/Contents/Home/lib/libawt_lwawt.dylib
0x00000001336ec000 	/Library/Java/JavaVirtualMachines/jdk-11.0.1.jdk/Contents/Home/lib/./libosxapp.dylib
0x00007fff51942000 	/System/Library/Frameworks/ExceptionHandling.framework/Versions/A/ExceptionHandling
0x0000000133642000 	/Library/Java/JavaVirtualMachines/jdk-11.0.1.jdk/Contents/Home/lib/libjavajpeg.dylib


VM Arguments:
jvm_args: -Dclassworlds.conf=/Applications/apache-maven-3.3.1/bin/m2.conf -Dmaven.home=/Applications/apache-maven-3.3.1 -Dmaven.multiModuleProjectDirectory=/Users/antonepple/Documents/Projekte/JavaFXTrainingZuerich/javafx 
java_command: org.codehaus.plexus.classworlds.launcher.Launcher -Dmaven.ext.class.path=/Applications/NetBeans/netbeans 9/java/maven-nblib/netbeans-eventspy.jar exec:java
java_class_path (initial): /Applications/apache-maven-3.3.1/boot/plexus-classworlds-2.5.2.jar
Launcher Type: SUN_STANDARD

[Global flags]
     intx CICompilerCount                          = 4                                         {product} {ergonomic}
     uint ConcGCThreads                            = 2                                         {product} {ergonomic}
     uint G1ConcRefinementThreads                  = 8                                         {product} {ergonomic}
   size_t G1HeapRegionSize                         = 1048576                                   {product} {ergonomic}
    uintx GCDrainStackTargetSize                   = 64                                        {product} {ergonomic}
   size_t InitialHeapSize                          = 268435456                                 {product} {ergonomic}
   size_t MarkStackSize                            = 4194304                                   {product} {ergonomic}
   size_t MaxHeapSize                              = 4294967296                                {product} {ergonomic}
   size_t MaxNewSize                               = 2576351232                                {product} {ergonomic}
   size_t MinHeapDeltaBytes                        = 1048576                                   {product} {ergonomic}
    uintx NonNMethodCodeHeapSize                   = 5835340                                {pd product} {ergonomic}
    uintx NonProfiledCodeHeapSize                  = 122911450                              {pd product} {ergonomic}
    uintx ProfiledCodeHeapSize                     = 122911450                              {pd product} {ergonomic}
    uintx ReservedCodeCacheSize                    = 251658240                              {pd product} {ergonomic}
     bool SegmentedCodeCache                       = true                                      {product} {ergonomic}
     bool UseCompressedClassPointers               = true                                 {lp64_product} {ergonomic}
     bool UseCompressedOops                        = true                                 {lp64_product} {ergonomic}
     bool UseG1GC                                  = true                                      {product} {ergonomic}

Logging:
Log output configuration:
 #0: stdout all=warning uptime,level,tags
 #1: stderr all=off uptime,level,tags

Environment Variables:
JAVA_HOME=/Library/Java/JavaVirtualMachines/jdk-11.0.1.jdk/Contents/Home
PATH=/opt/local/bin:/opt/local/sbin:/usr/local/bin:/usr/bin:/bin:/usr/sbin:/sbin:/usr/local/MacGPG2/bin:/Applications/grails-2.1.2/bin:/opt/X11/bin:/Users/antonepple/.local/bin:/Users/antonepple/bin:/Library/Java/JavaVirtualMachines/jdk1.8.0_112.jdk/Contents/Home//bin:/Applications/apache-maven-3.5.4/bin:/Users/antonepple/Library/android-sdk/platform-tools:/Users/antonepple/Library/Python/2.7/bin
SHELL=/bin/bash

Signal Handlers:
SIGSEGV: [libjvm.dylib+0x7525b4], sa_mask[0]=11111111011111110111111111111111, sa_flags=SA_ONSTACK|SA_RESTART|SA_SIGINFO
SIGBUS: [libjvm.dylib+0x7525b4], sa_mask[0]=11111111011111110111111111111111, sa_flags=SA_RESTART|SA_SIGINFO
SIGFPE: [libjvm.dylib+0x7525b4], sa_mask[0]=11111111011111110111111111111111, sa_flags=SA_RESTART|SA_SIGINFO
SIGPIPE: [libjvm.dylib+0x602b72], sa_mask[0]=11111111011111110111111111111111, sa_flags=SA_RESTART|SA_SIGINFO
SIGXFSZ: [libjvm.dylib+0x602b72], sa_mask[0]=11111111011111110111111111111111, sa_flags=SA_RESTART|SA_SIGINFO
SIGILL: [libjvm.dylib+0x7525b4], sa_mask[0]=11111111011111110111111111111111, sa_flags=SA_RESTART|SA_SIGINFO
SIGUSR2: [libjvm.dylib+0x603157], sa_mask[0]=00100000000000000000000000000000, sa_flags=SA_RESTART|SA_SIGINFO
SIGHUP: [libjvm.dylib+0x601bb3], sa_mask[0]=11111111011111110111111111111111, sa_flags=SA_RESTART|SA_SIGINFO
SIGINT: SIG_IGN, sa_mask[0]=00000000000000000000000000000000, sa_flags=none
SIGTERM: [libjvm.dylib+0x601bb3], sa_mask[0]=11111111011111110111111111111111, sa_flags=SA_RESTART|SA_SIGINFO
SIGQUIT: [libjvm.dylib+0x601bb3], sa_mask[0]=11111111011111110111111111111111, sa_flags=SA_RESTART|SA_SIGINFO


---------------  S Y S T E M  ---------------

OS:uname:Darwin 18.0.0 Darwin Kernel Version 18.0.0: Wed Aug 22 20:13:40 PDT 2018; root:xnu-4903.201.2~1/RELEASE_X86_64 x86_64
rlimit: STACK 8192k, CORE 0k, NPROC 1418, NOFILE 10240, AS infinity, DATA infinity, FSIZE infinity
load average:14,59 11,07 7,18

CPU:total 8 (initial active 8) (4 cores per cpu, 2 threads per core) family 6 model 58 stepping 9, cmov, cx8, fxsr, mmx, sse, sse2, sse3, ssse3, sse4.1, sse4.2, popcnt, avx, aes, clmul, erms, ht, tsc, tscinvbit, tscinv

Memory: 4k page, physical 16777216k(27352k free)

vm_info: Java HotSpot(TM) 64-Bit Server VM (11.0.1+13-LTS) for bsd-amd64 JRE (11.0.1+13-LTS), built on Oct  6 2018 12:16:08 by "mach5one" with gcc 4.2.1 Compatible Apple LLVM 9.1.0 (clang-902.0.39.2)

END.
